TN:
SF:src/content.js
FN:28,(anonymous_0)
FN:40,(anonymous_1)
FN:97,initExtension
FN:195,initMainFeatures
FN:203,(anonymous_4)
FN:223,getDomainType
FN:267,setupHoverDetection
FN:268,(anonymous_7)
FN:286,(anonymous_8)
FN:299,isInputField
FN:312,setupKeyboardShortcuts
FN:313,(anonymous_11)
FN:389,checkShortcut
FN:401,handleCopyURL
FN:421,handleCopyText
FN:442,handleCreateQuickTab
FN:472,generateQuickTabId
FN:479,handleOpenInNewTab
FN:500,showNotification
FN:514,(anonymous_19)
FNF:20
FNH:0
FNDA:0,(anonymous_0)
FNDA:0,(anonymous_1)
FNDA:0,initExtension
FNDA:0,initMainFeatures
FNDA:0,(anonymous_4)
FNDA:0,getDomainType
FNDA:0,setupHoverDetection
FNDA:0,(anonymous_7)
FNDA:0,(anonymous_8)
FNDA:0,isInputField
FNDA:0,setupKeyboardShortcuts
FNDA:0,(anonymous_11)
FNDA:0,checkShortcut
FNDA:0,handleCopyURL
FNDA:0,handleCopyText
FNDA:0,handleCreateQuickTab
FNDA:0,generateQuickTabId
FNDA:0,handleOpenInNewTab
FNDA:0,showNotification
FNDA:0,(anonymous_19)
DA:19,0
DA:20,0
DA:21,0
DA:22,0
DA:24,0
DA:28,0
DA:29,0
DA:40,0
DA:41,0
DA:47,0
DA:50,0
DA:52,0
DA:54,0
DA:56,0
DA:58,0
DA:60,0
DA:64,0
DA:66,0
DA:70,0
DA:74,0
DA:76,0
DA:79,0
DA:80,0
DA:81,0
DA:82,0
DA:83,0
DA:84,0
DA:85,0
DA:86,0
DA:87,0
DA:90,0
DA:91,0
DA:94,0
DA:97,0
DA:98,0
DA:99,0
DA:101,0
DA:103,0
DA:104,0
DA:105,0
DA:106,0
DA:113,0
DA:114,0
DA:115,0
DA:118,0
DA:120,0
DA:121,0
DA:122,0
DA:123,0
DA:124,0
DA:125,0
DA:127,0
DA:131,0
DA:133,0
DA:134,0
DA:137,0
DA:139,0
DA:140,0
DA:143,0
DA:145,0
DA:146,0
DA:147,0
DA:149,0
DA:154,0
DA:155,0
DA:156,0
DA:158,0
DA:162,0
DA:164,0
DA:166,0
DA:167,0
DA:170,0
DA:171,0
DA:173,0
DA:174,0
DA:181,0
DA:182,0
DA:183,0
DA:187,0
DA:196,0
DA:201,0
DA:204,0
DA:205,0
DA:211,0
DA:214,0
DA:224,0
DA:227,0
DA:255,0
DA:256,0
DA:257,0
DA:261,0
DA:268,0
DA:269,0
DA:270,0
DA:273,0
DA:276,0
DA:281,0
DA:282,0
DA:286,0
DA:287,0
DA:292,0
DA:300,0
DA:313,0
DA:315,0
DA:316,0
DA:319,0
DA:320,0
DA:325,0
DA:334,0
DA:335,0
DA:336,0
DA:340,0
DA:349,0
DA:350,0
DA:351,0
DA:355,0
DA:364,0
DA:365,0
DA:366,0
DA:370,0
DA:379,0
DA:380,0
DA:381,0
DA:390,0
DA:402,0
DA:403,0
DA:405,0
DA:406,0
DA:407,0
DA:408,0
DA:410,0
DA:413,0
DA:414,0
DA:422,0
DA:423,0
DA:424,0
DA:426,0
DA:427,0
DA:428,0
DA:429,0
DA:431,0
DA:434,0
DA:435,0
DA:443,0
DA:444,0
DA:447,0
DA:448,0
DA:461,0
DA:462,0
DA:464,0
DA:465,0
DA:473,0
DA:480,0
DA:481,0
DA:487,0
DA:488,0
DA:489,0
DA:491,0
DA:492,0
DA:501,0
DA:504,0
DA:505,0
DA:507,0
DA:513,0
DA:514,0
DA:515,0
DA:516,0
DA:517,0
DA:518,0
DA:519,0
DA:520,0
DA:522,0
DA:523,0
DA:525,0
DA:532,0
DA:533,0
LF:176
LH:0
BRDA:110,0,0,0
BRDA:110,0,1,0
BRDA:120,1,0,0
BRDA:120,1,1,0
BRDA:256,2,0,0
BRDA:256,2,1,0
BRDA:277,3,0,0
BRDA:277,3,1,0
BRDA:281,4,0,0
BRDA:281,4,1,0
BRDA:301,5,0,0
BRDA:301,5,1,0
BRDA:301,5,2,0
BRDA:301,5,3,0
BRDA:301,5,4,0
BRDA:315,6,0,0
BRDA:315,6,1,0
BRDA:325,7,0,0
BRDA:325,7,1,0
BRDA:334,8,0,0
BRDA:334,8,1,0
BRDA:340,9,0,0
BRDA:340,9,1,0
BRDA:349,10,0,0
BRDA:349,10,1,0
BRDA:355,11,0,0
BRDA:355,11,1,0
BRDA:364,12,0,0
BRDA:364,12,1,0
BRDA:370,13,0,0
BRDA:370,13,1,0
BRDA:379,14,0,0
BRDA:379,14,1,0
BRDA:391,15,0,0
BRDA:391,15,1,0
BRDA:391,15,2,0
BRDA:391,15,3,0
BRDA:405,16,0,0
BRDA:405,16,1,0
BRDA:426,17,0,0
BRDA:426,17,1,0
BRDA:452,18,0,0
BRDA:452,18,1,0
BRDA:453,19,0,0
BRDA:453,19,1,0
BRDA:454,20,0,0
BRDA:454,20,1,0
BRDA:455,21,0,0
BRDA:455,21,1,0
BRDA:500,22,0,0
BRDA:504,23,0,0
BRDA:504,23,1,0
BRDA:513,24,0,0
BRDA:513,24,1,0
BRDA:513,25,0,0
BRDA:513,25,1,0
BRDA:515,26,0,0
BRDA:515,26,1,0
BRDA:532,27,0,0
BRDA:532,27,1,0
BRF:60
BRH:0
end_of_record
TN:
SF:src/core/browser-api.js
FN:11,sendMessageToBackground
FN:26,getStorage
FN:45,setStorage
FN:64,removeStorage
FN:82,clearStorage
FN:100,copyToClipboard
FN:129,getCurrentTab
FN:144,createTab
FN:158,getContainer
FN:175,isApiSupported
FNF:10
FNH:10
FNDA:2,sendMessageToBackground
FNDA:1,getStorage
FNDA:2,setStorage
FNDA:1,removeStorage
FNDA:1,clearStorage
FNDA:2,copyToClipboard
FNDA:1,getCurrentTab
FNDA:1,createTab
FNDA:1,getContainer
FNDA:2,isApiSupported
DA:12,2
DA:13,2
DA:15,1
DA:16,1
DA:27,1
DA:28,1
DA:29,1
DA:30,0
DA:32,1
DA:34,0
DA:35,0
DA:46,2
DA:47,2
DA:48,2
DA:49,0
DA:51,2
DA:53,1
DA:54,1
DA:65,1
DA:66,1
DA:67,1
DA:68,0
DA:70,1
DA:72,0
DA:73,0
DA:83,1
DA:84,1
DA:85,1
DA:86,0
DA:88,1
DA:90,0
DA:91,0
DA:101,2
DA:102,2
DA:103,1
DA:105,1
DA:108,1
DA:109,1
DA:110,1
DA:111,1
DA:112,1
DA:113,1
DA:114,1
DA:115,1
DA:116,1
DA:117,1
DA:119,0
DA:120,0
DA:130,1
DA:131,1
DA:132,1
DA:134,0
DA:135,0
DA:145,1
DA:146,1
DA:148,0
DA:149,0
DA:159,1
DA:160,1
DA:161,1
DA:163,0
DA:165,0
DA:166,0
DA:176,2
DA:177,2
DA:179,2
DA:180,3
DA:181,1
DA:183,2
DA:186,1
LF:70
LH:51
BRDA:26,0,0,1
BRDA:29,1,0,0
BRDA:29,1,1,1
BRDA:45,2,0,2
BRDA:48,3,0,0
BRDA:48,3,1,2
BRDA:64,4,0,1
BRDA:67,5,0,0
BRDA:67,5,1,1
BRDA:82,6,0,1
BRDA:85,7,0,0
BRDA:85,7,1,1
BRDA:132,8,0,1
BRDA:132,8,1,0
BRDA:160,9,0,1
BRDA:160,9,1,0
BRDA:160,10,0,1
BRDA:160,10,1,1
BRDA:180,11,0,1
BRDA:180,11,1,2
BRDA:180,12,0,3
BRDA:180,12,1,3
BRF:22
BRH:16
end_of_record
TN:
SF:src/core/config.js
FN:72,(anonymous_0)
FN:80,(anonymous_1)
FN:126,(anonymous_2)
FN:140,(anonymous_3)
FN:149,(anonymous_4)
FN:158,(anonymous_5)
FN:166,(anonymous_6)
FN:175,(anonymous_7)
FN:184,(anonymous_8)
FN:185,(anonymous_9)
FNF:10
FNH:10
FNDA:9,(anonymous_0)
FNDA:2,(anonymous_1)
FNDA:1,(anonymous_2)
FNDA:1,(anonymous_3)
FNDA:2,(anonymous_4)
FNDA:1,(anonymous_5)
FNDA:1,(anonymous_6)
FNDA:1,(anonymous_7)
FNDA:3,(anonymous_8)
FNDA:1,(anonymous_9)
DA:6,1
DA:62,1
DA:73,9
DA:74,9
DA:81,2
DA:82,2
DA:84,2
DA:85,0
DA:86,0
DA:87,0
DA:88,0
DA:91,2
DA:93,2
DA:95,1
DA:96,1
DA:97,0
DA:98,0
DA:99,0
DA:103,1
DA:105,1
DA:106,1
DA:111,1
DA:116,1
DA:117,1
DA:120,2
DA:127,1
DA:129,1
DA:131,0
DA:141,1
DA:150,2
DA:151,2
DA:159,1
DA:167,1
DA:168,1
DA:176,1
DA:185,3
LF:36
LH:28
BRDA:84,0,0,0
BRDA:84,0,1,2
BRDA:84,1,0,2
BRDA:84,1,1,2
BRDA:84,1,2,2
BRDA:96,2,0,0
BRDA:96,2,1,1
BRDA:96,3,0,1
BRDA:96,3,1,1
BRF:9
BRH:7
end_of_record
TN:
SF:src/core/dom.js
FN:13,createElement
FN:17,(anonymous_1)
FN:35,(anonymous_2)
FN:56,findClosest
FN:64,removeElement
FN:80,isVisible
FN:92,getElementPosition
FN:110,setElementPosition
FN:123,setElementSize
FN:135,addClass
FN:146,removeClass
FN:158,toggleClass
FN:171,hasClass
FNF:13
FNH:0
FNDA:0,createElement
FNDA:0,(anonymous_1)
FNDA:0,(anonymous_2)
FNDA:0,findClosest
FNDA:0,removeElement
FNDA:0,isVisible
FNDA:0,getElementPosition
FNDA:0,setElementPosition
FNDA:0,setElementSize
FNDA:0,addClass
FNDA:0,removeClass
FNDA:0,toggleClass
FNDA:0,hasClass
DA:14,0
DA:17,0
DA:18,0
DA:19,0
DA:20,0
DA:21,0
DA:22,0
DA:23,0
DA:24,0
DA:26,0
DA:31,0
DA:32,0
DA:33,0
DA:34,0
DA:35,0
DA:36,0
DA:37,0
DA:38,0
DA:39,0
DA:42,0
DA:43,0
DA:47,0
DA:57,0
DA:66,0
DA:70,0
DA:71,0
DA:81,0
DA:83,0
DA:84,0
DA:93,0
DA:95,0
DA:96,0
DA:111,0
DA:113,0
DA:114,0
DA:124,0
DA:126,0
DA:127,0
DA:136,0
DA:137,0
DA:147,0
DA:148,0
DA:159,0
DA:160,0
DA:162,0
DA:172,0
LF:46
LH:0
BRDA:13,0,0,0
BRDA:13,1,0,0
BRDA:18,2,0,0
BRDA:18,2,1,0
BRDA:20,3,0,0
BRDA:20,3,1,0
BRDA:20,4,0,0
BRDA:20,4,1,0
BRDA:22,5,0,0
BRDA:22,5,1,0
BRDA:22,6,0,0
BRDA:22,6,1,0
BRDA:31,7,0,0
BRDA:31,7,1,0
BRDA:32,8,0,0
BRDA:32,8,1,0
BRDA:34,9,0,0
BRDA:34,9,1,0
BRDA:36,10,0,0
BRDA:36,10,1,0
BRDA:38,11,0,0
BRDA:38,11,1,0
BRDA:42,12,0,0
BRDA:42,12,1,0
BRDA:57,13,0,0
BRDA:57,13,1,0
BRDA:66,14,0,0
BRDA:66,14,1,0
BRDA:70,15,0,0
BRDA:70,15,1,0
BRDA:70,16,0,0
BRDA:70,16,1,0
BRDA:81,17,0,0
BRDA:81,17,1,0
BRDA:84,18,0,0
BRDA:84,18,1,0
BRDA:84,18,2,0
BRDA:93,19,0,0
BRDA:93,19,1,0
BRDA:111,20,0,0
BRDA:111,20,1,0
BRDA:124,21,0,0
BRDA:124,21,1,0
BRDA:136,22,0,0
BRDA:136,22,1,0
BRDA:147,23,0,0
BRDA:147,23,1,0
BRDA:159,24,0,0
BRDA:159,24,1,0
BRDA:172,25,0,0
BRDA:172,25,1,0
BRF:51
BRH:0
end_of_record
TN:
SF:src/core/events.js
FN:7,(anonymous_0)
FN:18,(anonymous_1)
FN:30,(anonymous_2)
FN:38,(anonymous_3)
FN:63,(anonymous_4)
FN:71,(anonymous_5)
FN:86,(anonymous_6)
FN:87,(anonymous_7)
FN:98,(anonymous_8)
FN:105,(anonymous_9)
FN:112,(anonymous_10)
FN:120,(anonymous_11)
FN:129,(anonymous_12)
FNF:13
FNH:0
FNDA:0,(anonymous_0)
FNDA:0,(anonymous_1)
FNDA:0,(anonymous_2)
FNDA:0,(anonymous_3)
FNDA:0,(anonymous_4)
FNDA:0,(anonymous_5)
FNDA:0,(anonymous_6)
FNDA:0,(anonymous_7)
FNDA:0,(anonymous_8)
FNDA:0,(anonymous_9)
FNDA:0,(anonymous_10)
FNDA:0,(anonymous_11)
FNDA:0,(anonymous_12)
DA:8,0
DA:9,0
DA:19,0
DA:20,0
DA:23,0
DA:25,0
DA:26,0
DA:30,0
DA:39,0
DA:41,0
DA:42,0
DA:44,0
DA:45,0
DA:47,0
DA:48,0
DA:53,0
DA:54,0
DA:64,0
DA:66,0
DA:67,0
DA:70,0
DA:71,0
DA:72,0
DA:73,0
DA:75,0
DA:87,0
DA:88,0
DA:89,0
DA:92,0
DA:99,0
DA:106,0
DA:113,0
DA:121,0
DA:130,0
DA:137,0
LF:35
LH:0
BRDA:19,0,0,0
BRDA:19,0,1,0
BRDA:25,1,0,0
BRDA:25,1,1,0
BRDA:39,2,0,0
BRDA:39,2,1,0
BRDA:44,3,0,0
BRDA:44,3,1,0
BRDA:47,4,0,0
BRDA:47,4,1,0
BRDA:53,5,0,0
BRDA:53,5,1,0
BRDA:64,6,0,0
BRDA:64,6,1,0
BRDA:66,7,0,0
BRDA:66,7,1,0
BRDA:130,8,0,0
BRDA:130,8,1,0
BRF:18
BRH:0
end_of_record
TN:
SF:src/core/index.js
FNF:0
FNH:0
LF:0
LH:0
BRF:0
BRH:0
end_of_record
TN:
SF:src/core/state.js
FN:7,(anonymous_0)
FN:26,(anonymous_1)
FN:35,(anonymous_2)
FN:44,(anonymous_3)
FN:54,(anonymous_4)
FN:59,(anonymous_5)
FN:72,(anonymous_6)
FN:77,(anonymous_7)
FN:82,(anonymous_8)
FN:92,(anonymous_9)
FN:93,(anonymous_10)
FN:107,(anonymous_11)
FNF:12
FNH:11
FNDA:10,(anonymous_0)
FNDA:1,(anonymous_1)
FNDA:1,(anonymous_2)
FNDA:7,(anonymous_3)
FNDA:1,(anonymous_4)
FNDA:3,(anonymous_5)
FNDA:3,(anonymous_6)
FNDA:0,(anonymous_7)
FNDA:1,(anonymous_8)
FNDA:11,(anonymous_9)
FNDA:2,(anonymous_10)
FNDA:1,(anonymous_11)
DA:8,10
DA:19,10
DA:27,1
DA:36,1
DA:45,7
DA:46,7
DA:47,7
DA:55,1
DA:56,1
DA:59,1
DA:60,3
DA:61,3
DA:73,3
DA:75,1
DA:76,1
DA:77,1
DA:80,2
DA:81,2
DA:82,2
DA:93,11
DA:94,2
DA:95,2
DA:96,2
DA:98,0
DA:108,1
DA:119,1
LF:26
LH:25
BRDA:60,0,0,3
BRDA:60,0,1,0
BRDA:73,1,0,1
BRDA:73,1,1,2
BRDA:94,2,0,2
BRDA:94,2,1,0
BRDA:94,3,0,2
BRDA:94,3,1,1
BRF:8
BRH:6
end_of_record
TN:
SF:src/features/notifications/index.js
FN:104,(anonymous_0)
FN:113,(anonymous_1)
FN:128,(anonymous_2)
FN:143,(anonymous_3)
FN:161,(anonymous_4)
FN:168,(anonymous_5)
FN:175,(anonymous_6)
FN:188,initNotifications
FNF:8
FNH:0
FNDA:0,(anonymous_0)
FNDA:0,(anonymous_1)
FNDA:0,(anonymous_2)
FNDA:0,(anonymous_3)
FNDA:0,(anonymous_4)
FNDA:0,(anonymous_5)
FNDA:0,(anonymous_6)
FNDA:0,initNotifications
DA:13,0
DA:105,0
DA:106,0
DA:107,0
DA:114,0
DA:115,0
DA:117,0
DA:120,0
DA:122,0
DA:129,0
DA:131,0
DA:132,0
DA:133,0
DA:135,0
DA:136,0
DA:137,0
DA:144,0
DA:145,0
DA:146,0
DA:149,0
DA:151,0
DA:152,0
DA:154,0
DA:162,0
DA:169,0
DA:176,0
DA:177,0
DA:182,0
DA:189,0
DA:190,0
DA:191,0
DA:192,0
LF:32
LH:0
BRDA:129,0,0,0
BRDA:129,0,1,0
BRDA:143,1,0,0
BRDA:144,2,0,0
BRDA:144,2,1,0
BRDA:144,3,0,0
BRDA:144,3,1,0
BRDA:151,4,0,0
BRDA:151,4,1,0
BRDA:168,5,0,0
BRF:10
BRH:0
end_of_record
TN:
SF:src/features/notifications/toast.js
FN:15,showToast
FN:64,(anonymous_1)
FN:67,(anonymous_2)
FNF:3
FNH:0
FNDA:0,showToast
FNDA:0,(anonymous_1)
FNDA:0,(anonymous_2)
DA:16,0
DA:17,0
DA:19,0
DA:26,0
DA:29,0
DA:30,0
DA:31,0
DA:32,0
DA:33,0
DA:37,0
DA:39,0
DA:62,0
DA:64,0
DA:65,0
DA:66,0
DA:67,0
DA:70,0
LF:17
LH:0
BRDA:17,0,0,0
BRDA:17,0,1,0
BRDA:26,1,0,0
BRDA:26,1,1,0
BRDA:30,2,0,0
BRDA:30,2,1,0
BRDA:32,3,0,0
BRDA:32,3,1,0
BRDA:37,4,0,0
BRDA:37,4,1,0
BRDA:47,5,0,0
BRDA:47,5,1,0
BRDA:54,6,0,0
BRDA:54,6,1,0
BRDA:68,7,0,0
BRDA:68,7,1,0
BRF:16
BRH:0
end_of_record
TN:
SF:src/features/notifications/tooltip.js
FN:16,showTooltip
FN:53,(anonymous_1)
FN:56,(anonymous_2)
FNF:3
FNH:0
FNDA:0,showTooltip
FNDA:0,(anonymous_1)
FNDA:0,(anonymous_2)
DA:17,0
DA:18,0
DA:20,0
DA:21,0
DA:24,0
DA:25,0
DA:26,0
DA:29,0
DA:51,0
DA:53,0
DA:54,0
DA:55,0
DA:56,0
DA:59,0
LF:14
LH:0
BRDA:18,0,0,0
BRDA:18,0,1,0
BRDA:20,1,0,0
BRDA:20,1,1,0
BRDA:21,2,0,0
BRDA:21,2,1,0
BRDA:25,3,0,0
BRDA:25,3,1,0
BRDA:38,4,0,0
BRDA:38,4,1,0
BRDA:57,5,0,0
BRDA:57,5,1,0
BRF:12
BRH:0
end_of_record
TN:
SF:src/features/quick-tabs/index.js
FN:22,(anonymous_0)
FN:45,(anonymous_1)
FN:68,(anonymous_2)
FN:89,(anonymous_3)
FN:98,(anonymous_4)
FN:169,(anonymous_5)
FN:175,(anonymous_6)
FN:211,(anonymous_7)
FN:217,(anonymous_8)
FN:261,(anonymous_9)
FN:263,(anonymous_10)
FN:271,(anonymous_11)
FN:284,(anonymous_12)
FN:288,(anonymous_13)
FN:309,(anonymous_14)
FN:318,(anonymous_15)
FN:368,(anonymous_16)
FN:406,(anonymous_17)
FN:437,(anonymous_18)
FN:451,(anonymous_19)
FN:462,(anonymous_20)
FN:473,(anonymous_21)
FN:489,(anonymous_22)
FN:500,(anonymous_23)
FN:530,(anonymous_24)
FN:531,(anonymous_25)
FN:532,(anonymous_26)
FN:533,(anonymous_27)
FN:534,(anonymous_28)
FN:535,(anonymous_29)
FN:536,(anonymous_30)
FN:537,(anonymous_31)
FN:538,(anonymous_32)
FN:575,(anonymous_33)
FN:598,(anonymous_34)
FN:619,(anonymous_35)
FN:638,(anonymous_36)
FN:656,(anonymous_37)
FN:668,(anonymous_38)
FN:678,(anonymous_39)
FN:685,(anonymous_40)
FN:695,(anonymous_41)
FN:702,(anonymous_42)
FN:709,(anonymous_43)
FN:716,(anonymous_44)
FN:731,(anonymous_45)
FN:743,(anonymous_46)
FN:770,(anonymous_47)
FN:781,(anonymous_48)
FN:793,(anonymous_49)
FN:818,(anonymous_50)
FN:828,(anonymous_51)
FN:842,(anonymous_52)
FN:847,(anonymous_53)
FN:857,(anonymous_54)
FN:870,(anonymous_55)
FN:875,(anonymous_56)
FN:884,(anonymous_57)
FN:891,(anonymous_58)
FN:896,(anonymous_59)
FN:914,initQuickTabs
FNF:61
FNH:0
FNDA:0,(anonymous_0)
FNDA:0,(anonymous_1)
FNDA:0,(anonymous_2)
FNDA:0,(anonymous_3)
FNDA:0,(anonymous_4)
FNDA:0,(anonymous_5)
FNDA:0,(anonymous_6)
FNDA:0,(anonymous_7)
FNDA:0,(anonymous_8)
FNDA:0,(anonymous_9)
FNDA:0,(anonymous_10)
FNDA:0,(anonymous_11)
FNDA:0,(anonymous_12)
FNDA:0,(anonymous_13)
FNDA:0,(anonymous_14)
FNDA:0,(anonymous_15)
FNDA:0,(anonymous_16)
FNDA:0,(anonymous_17)
FNDA:0,(anonymous_18)
FNDA:0,(anonymous_19)
FNDA:0,(anonymous_20)
FNDA:0,(anonymous_21)
FNDA:0,(anonymous_22)
FNDA:0,(anonymous_23)
FNDA:0,(anonymous_24)
FNDA:0,(anonymous_25)
FNDA:0,(anonymous_26)
FNDA:0,(anonymous_27)
FNDA:0,(anonymous_28)
FNDA:0,(anonymous_29)
FNDA:0,(anonymous_30)
FNDA:0,(anonymous_31)
FNDA:0,(anonymous_32)
FNDA:0,(anonymous_33)
FNDA:0,(anonymous_34)
FNDA:0,(anonymous_35)
FNDA:0,(anonymous_36)
FNDA:0,(anonymous_37)
FNDA:0,(anonymous_38)
FNDA:0,(anonymous_39)
FNDA:0,(anonymous_40)
FNDA:0,(anonymous_41)
FNDA:0,(anonymous_42)
FNDA:0,(anonymous_43)
FNDA:0,(anonymous_44)
FNDA:0,(anonymous_45)
FNDA:0,(anonymous_46)
FNDA:0,(anonymous_47)
FNDA:0,(anonymous_48)
FNDA:0,(anonymous_49)
FNDA:0,(anonymous_50)
FNDA:0,(anonymous_51)
FNDA:0,(anonymous_52)
FNDA:0,(anonymous_53)
FNDA:0,(anonymous_54)
FNDA:0,(anonymous_55)
FNDA:0,(anonymous_56)
FNDA:0,(anonymous_57)
FNDA:0,(anonymous_58)
FNDA:0,(anonymous_59)
FNDA:0,initQuickTabs
DA:23,0
DA:24,0
DA:25,0
DA:26,0
DA:27,0
DA:28,0
DA:29,0
DA:30,0
DA:33,0
DA:34,0
DA:37,0
DA:38,0
DA:46,0
DA:47,0
DA:48,0
DA:51,0
DA:52,0
DA:54,0
DA:57,0
DA:60,0
DA:63,0
DA:64,0
DA:65,0
DA:68,0
DA:69,0
DA:70,0
DA:74,0
DA:77,0
DA:80,0
DA:82,0
DA:83,0
DA:90,0
DA:91,0
DA:92,0
DA:95,0
DA:96,0
DA:98,0
DA:99,0
DA:101,0
DA:104,0
DA:105,0
DA:106,0
DA:108,0
DA:109,0
DA:114,0
DA:117,0
DA:120,0
DA:121,0
DA:122,0
DA:123,0
DA:124,0
DA:129,0
DA:131,0
DA:132,0
DA:134,0
DA:135,0
DA:137,0
DA:138,0
DA:140,0
DA:141,0
DA:143,0
DA:144,0
DA:146,0
DA:147,0
DA:149,0
DA:150,0
DA:152,0
DA:153,0
DA:155,0
DA:159,0
DA:161,0
DA:170,0
DA:171,0
DA:172,0
DA:175,0
DA:176,0
DA:178,0
DA:179,0
DA:182,0
DA:183,0
DA:184,0
DA:187,0
DA:188,0
DA:191,0
DA:192,0
DA:195,0
DA:196,0
DA:197,0
DA:200,0
DA:201,0
DA:205,0
DA:212,0
DA:213,0
DA:214,0
DA:217,0
DA:219,0
DA:220,0
DA:221,0
DA:224,0
DA:226,0
DA:228,0
DA:229,0
DA:231,0
DA:232,0
DA:234,0
DA:235,0
DA:237,0
DA:238,0
DA:241,0
DA:242,0
DA:243,0
DA:246,0
DA:247,0
DA:248,0
DA:251,0
DA:255,0
DA:263,0
DA:264,0
DA:265,0
DA:266,0
DA:271,0
DA:272,0
DA:273,0
DA:274,0
DA:278,0
DA:285,0
DA:287,0
DA:288,0
DA:301,0
DA:302,0
DA:310,0
DA:319,0
DA:321,0
DA:323,0
DA:324,0
DA:325,0
DA:326,0
DA:327,0
DA:328,0
DA:331,0
DA:336,0
DA:337,0
DA:338,0
DA:339,0
DA:340,0
DA:341,0
DA:346,0
DA:347,0
DA:348,0
DA:349,0
DA:350,0
DA:354,0
DA:355,0
DA:356,0
DA:358,0
DA:361,0
DA:369,0
DA:370,0
DA:371,0
DA:374,0
DA:377,0
DA:378,0
DA:380,0
DA:382,0
DA:383,0
DA:384,0
DA:385,0
DA:391,0
DA:392,0
DA:393,0
DA:394,0
DA:397,0
DA:399,0
DA:401,0
DA:402,0
DA:406,0
DA:407,0
DA:409,0
DA:423,0
DA:424,0
DA:425,0
DA:426,0
DA:427,0
DA:428,0
DA:429,0
DA:430,0
DA:437,0
DA:438,0
DA:439,0
DA:440,0
DA:441,0
DA:445,0
DA:452,0
DA:453,0
DA:454,0
DA:455,0
DA:463,0
DA:464,0
DA:465,0
DA:466,0
DA:474,0
DA:475,0
DA:476,0
DA:477,0
DA:478,0
DA:480,0
DA:481,0
DA:490,0
DA:491,0
DA:492,0
DA:501,0
DA:504,0
DA:507,0
DA:508,0
DA:509,0
DA:510,0
DA:511,0
DA:515,0
DA:518,0
DA:530,0
DA:531,0
DA:532,0
DA:533,0
DA:534,0
DA:535,0
DA:536,0
DA:537,0
DA:538,0
DA:542,0
DA:545,0
DA:559,0
DA:560,0
DA:566,0
DA:567,0
DA:576,0
DA:579,0
DA:580,0
DA:581,0
DA:583,0
DA:584,0
DA:587,0
DA:590,0
DA:591,0
DA:599,0
DA:604,0
DA:605,0
DA:609,0
DA:610,0
DA:611,0
DA:620,0
DA:621,0
DA:622,0
DA:623,0
DA:626,0
DA:629,0
DA:630,0
DA:639,0
DA:640,0
DA:641,0
DA:642,0
DA:643,0
DA:646,0
DA:647,0
DA:657,0
DA:660,0
DA:662,0
DA:669,0
DA:670,0
DA:671,0
DA:679,0
DA:686,0
DA:687,0
DA:688,0
DA:696,0
DA:703,0
DA:710,0
DA:717,0
DA:718,0
DA:719,0
DA:721,0
DA:722,0
DA:723,0
DA:745,0
DA:746,0
DA:750,0
DA:757,0
DA:760,0
DA:761,0
DA:771,0
DA:794,0
DA:795,0
DA:799,0
DA:806,0
DA:808,0
DA:809,0
DA:819,0
DA:829,0
DA:832,0
DA:834,0
DA:835,0
DA:845,0
DA:848,0
DA:858,0
DA:861,0
DA:863,0
DA:864,0
DA:873,0
DA:876,0
DA:885,0
DA:892,0
DA:893,0
DA:896,0
DA:897,0
DA:898,0
DA:899,0
DA:903,0
DA:908,0
DA:915,0
DA:916,0
DA:917,0
DA:918,0
LF:321
LH:0
BRDA:46,0,0,0
BRDA:46,0,1,0
BRDA:90,1,0,0
BRDA:90,1,1,0
BRDA:108,2,0,0
BRDA:108,2,1,0
BRDA:108,3,0,0
BRDA:108,3,1,0
BRDA:120,4,0,0
BRDA:120,4,1,0
BRDA:123,5,0,0
BRDA:123,5,1,0
BRDA:129,6,0,0
BRDA:129,6,1,0
BRDA:129,6,2,0
BRDA:129,6,3,0
BRDA:129,6,4,0
BRDA:129,6,5,0
BRDA:129,6,6,0
BRDA:129,6,7,0
BRDA:129,6,8,0
BRDA:170,7,0,0
BRDA:170,7,1,0
BRDA:170,8,0,0
BRDA:170,8,1,0
BRDA:178,9,0,0
BRDA:178,9,1,0
BRDA:178,10,0,0
BRDA:178,10,1,0
BRDA:182,11,0,0
BRDA:182,11,1,0
BRDA:182,12,0,0
BRDA:182,12,1,0
BRDA:191,13,0,0
BRDA:191,13,1,0
BRDA:191,14,0,0
BRDA:191,14,1,0
BRDA:195,15,0,0
BRDA:195,15,1,0
BRDA:195,16,0,0
BRDA:195,16,1,0
BRDA:212,17,0,0
BRDA:212,17,1,0
BRDA:212,18,0,0
BRDA:212,18,1,0
BRDA:219,19,0,0
BRDA:219,19,1,0
BRDA:219,20,0,0
BRDA:219,20,1,0
BRDA:226,21,0,0
BRDA:226,21,1,0
BRDA:226,21,2,0
BRDA:226,21,3,0
BRDA:226,21,4,0
BRDA:226,21,5,0
BRDA:226,21,6,0
BRDA:264,22,0,0
BRDA:264,22,1,0
BRDA:264,23,0,0
BRDA:264,23,1,0
BRDA:272,24,0,0
BRDA:272,24,1,0
BRDA:285,25,0,0
BRDA:285,25,1,0
BRDA:289,26,0,0
BRDA:289,26,1,0
BRDA:290,27,0,0
BRDA:290,27,1,0
BRDA:291,28,0,0
BRDA:291,28,1,0
BRDA:292,29,0,0
BRDA:292,29,1,0
BRDA:293,30,0,0
BRDA:293,30,1,0
BRDA:294,31,0,0
BRDA:294,31,1,0
BRDA:295,32,0,0
BRDA:295,32,1,0
BRDA:296,33,0,0
BRDA:296,33,1,0
BRDA:297,34,0,0
BRDA:297,34,1,0
BRDA:298,35,0,0
BRDA:298,35,1,0
BRDA:301,36,0,0
BRDA:301,36,1,0
BRDA:301,37,0,0
BRDA:301,37,1,0
BRDA:324,38,0,0
BRDA:324,38,1,0
BRDA:324,39,0,0
BRDA:324,39,1,0
BRDA:327,40,0,0
BRDA:327,40,1,0
BRDA:327,41,0,0
BRDA:327,41,1,0
BRDA:337,42,0,0
BRDA:337,42,1,0
BRDA:337,43,0,0
BRDA:337,43,1,0
BRDA:337,43,2,0
BRDA:339,44,0,0
BRDA:339,44,1,0
BRDA:339,45,0,0
BRDA:339,45,1,0
BRDA:346,46,0,0
BRDA:346,46,1,0
BRDA:346,47,0,0
BRDA:346,47,1,0
BRDA:346,47,2,0
BRDA:348,48,0,0
BRDA:348,48,1,0
BRDA:348,49,0,0
BRDA:348,49,1,0
BRDA:354,50,0,0
BRDA:354,50,1,0
BRDA:368,51,0,0
BRDA:369,52,0,0
BRDA:369,52,1,0
BRDA:378,53,0,0
BRDA:378,53,1,0
BRDA:378,54,0,0
BRDA:378,54,1,0
BRDA:380,55,0,0
BRDA:380,55,1,0
BRDA:383,56,0,0
BRDA:383,56,1,0
BRDA:383,57,0,0
BRDA:383,57,1,0
BRDA:393,58,0,0
BRDA:393,58,1,0
BRDA:393,59,0,0
BRDA:393,59,1,0
BRDA:399,60,0,0
BRDA:399,60,1,0
BRDA:399,61,0,0
BRDA:399,61,1,0
BRDA:407,62,0,0
BRDA:407,62,1,0
BRDA:417,63,0,0
BRDA:417,63,1,0
BRDA:418,64,0,0
BRDA:418,64,1,0
BRDA:419,65,0,0
BRDA:419,65,1,0
BRDA:424,66,0,0
BRDA:424,66,1,0
BRDA:427,67,0,0
BRDA:427,67,1,0
BRDA:427,68,0,0
BRDA:427,68,1,0
BRDA:429,69,0,0
BRDA:429,69,1,0
BRDA:429,70,0,0
BRDA:429,70,1,0
BRDA:439,71,0,0
BRDA:439,71,1,0
BRDA:453,72,0,0
BRDA:453,72,1,0
BRDA:453,73,0,0
BRDA:453,73,1,0
BRDA:464,74,0,0
BRDA:464,74,1,0
BRDA:464,75,0,0
BRDA:464,75,1,0
BRDA:475,76,0,0
BRDA:475,76,1,0
BRDA:476,77,0,0
BRDA:476,77,1,0
BRDA:490,78,0,0
BRDA:490,78,1,0
BRDA:504,79,0,0
BRDA:504,79,1,0
BRDA:507,80,0,0
BRDA:507,80,1,0
BRDA:521,81,0,0
BRDA:521,81,1,0
BRDA:522,82,0,0
BRDA:522,82,1,0
BRDA:523,83,0,0
BRDA:523,83,1,0
BRDA:524,84,0,0
BRDA:524,84,1,0
BRDA:525,85,0,0
BRDA:525,85,1,0
BRDA:526,86,0,0
BRDA:526,86,1,0
BRDA:527,87,0,0
BRDA:527,87,1,0
BRDA:529,88,0,0
BRDA:529,88,1,0
BRDA:548,89,0,0
BRDA:548,89,1,0
BRDA:549,90,0,0
BRDA:549,90,1,0
BRDA:550,91,0,0
BRDA:550,91,1,0
BRDA:551,92,0,0
BRDA:551,92,1,0
BRDA:552,93,0,0
BRDA:552,93,1,0
BRDA:553,94,0,0
BRDA:553,94,1,0
BRDA:554,95,0,0
BRDA:554,95,1,0
BRDA:555,96,0,0
BRDA:555,96,1,0
BRDA:559,97,0,0
BRDA:559,97,1,0
BRDA:559,98,0,0
BRDA:559,98,1,0
BRDA:580,99,0,0
BRDA:580,99,1,0
BRDA:581,100,0,0
BRDA:581,100,1,0
BRDA:590,101,0,0
BRDA:590,101,1,0
BRDA:590,102,0,0
BRDA:590,102,1,0
BRDA:604,103,0,0
BRDA:604,103,1,0
BRDA:604,104,0,0
BRDA:604,104,1,0
BRDA:609,105,0,0
BRDA:609,105,1,0
BRDA:622,106,0,0
BRDA:622,106,1,0
BRDA:629,107,0,0
BRDA:629,107,1,0
BRDA:629,108,0,0
BRDA:629,108,1,0
BRDA:641,109,0,0
BRDA:641,109,1,0
BRDA:646,110,0,0
BRDA:646,110,1,0
BRDA:646,111,0,0
BRDA:646,111,1,0
BRDA:670,112,0,0
BRDA:670,112,1,0
BRDA:670,113,0,0
BRDA:670,113,1,0
BRDA:687,114,0,0
BRDA:687,114,1,0
BRDA:687,115,0,0
BRDA:687,115,1,0
BRDA:745,116,0,0
BRDA:745,116,1,0
BRDA:760,117,0,0
BRDA:760,117,1,0
BRDA:760,118,0,0
BRDA:760,118,1,0
BRDA:794,119,0,0
BRDA:794,119,1,0
BRDA:808,120,0,0
BRDA:808,120,1,0
BRDA:808,121,0,0
BRDA:808,121,1,0
BRDA:834,122,0,0
BRDA:834,122,1,0
BRDA:834,123,0,0
BRDA:834,123,1,0
BRDA:863,124,0,0
BRDA:863,124,1,0
BRDA:863,125,0,0
BRDA:863,125,1,0
BRDA:897,126,0,0
BRDA:897,126,1,0
BRF:267
BRH:0
end_of_record
TN:
SF:src/features/quick-tabs/minimized-manager.js
FN:12,(anonymous_0)
FN:19,(anonymous_1)
FN:27,(anonymous_2)
FN:35,(anonymous_3)
FN:49,(anonymous_4)
FN:56,(anonymous_5)
FN:63,(anonymous_6)
FN:70,(anonymous_7)
FNF:8
FNH:0
FNDA:0,(anonymous_0)
FNDA:0,(anonymous_1)
FNDA:0,(anonymous_2)
FNDA:0,(anonymous_3)
FNDA:0,(anonymous_4)
FNDA:0,(anonymous_5)
FNDA:0,(anonymous_6)
FNDA:0,(anonymous_7)
DA:13,0
DA:20,0
DA:21,0
DA:28,0
DA:29,0
DA:36,0
DA:37,0
DA:38,0
DA:39,0
DA:40,0
DA:41,0
DA:43,0
DA:50,0
DA:57,0
DA:64,0
DA:71,0
DA:72,0
LF:17
LH:0
BRDA:37,0,0,0
BRDA:37,0,1,0
BRF:2
BRH:0
end_of_record
TN:
SF:src/features/quick-tabs/panel.js
FN:383,(anonymous_0)
FN:401,(anonymous_1)
FN:425,(anonymous_2)
FN:434,(anonymous_3)
FN:464,(anonymous_4)
FN:481,(anonymous_5)
FN:527,(anonymous_6)
FN:542,(anonymous_7)
FN:566,(anonymous_8)
FN:581,(anonymous_9)
FN:598,(anonymous_10)
FN:620,(anonymous_11)
FN:650,(anonymous_12)
FN:667,(anonymous_13)
FN:681,(anonymous_14)
FN:703,(anonymous_15)
FN:705,(anonymous_16)
FN:725,(anonymous_17)
FN:728,(anonymous_18)
FN:735,(anonymous_19)
FN:742,(anonymous_20)
FN:749,(anonymous_21)
FN:756,(anonymous_22)
FN:782,(anonymous_23)
FN:791,(anonymous_24)
FN:797,(anonymous_25)
FN:816,(anonymous_26)
FN:830,(anonymous_27)
FN:841,(anonymous_28)
FN:861,(anonymous_29)
FN:878,(anonymous_30)
FN:897,(anonymous_31)
FN:916,(anonymous_32)
FN:956,(anonymous_33)
FN:966,(anonymous_34)
FN:986,(anonymous_35)
FN:1012,(anonymous_36)
FN:1050,(anonymous_37)
FN:1073,(anonymous_38)
FN:1079,(anonymous_39)
FN:1094,(anonymous_40)
FN:1117,(anonymous_41)
FN:1133,(anonymous_42)
FN:1134,(anonymous_43)
FN:1136,(anonymous_44)
FN:1140,(anonymous_45)
FN:1150,(anonymous_46)
FN:1164,(anonymous_47)
FN:1247,(anonymous_48)
FN:1259,(anonymous_49)
FN:1268,(anonymous_50)
FN:1304,(anonymous_51)
FN:1327,(anonymous_52)
FN:1339,(anonymous_53)
FN:1346,(anonymous_54)
FN:1358,(anonymous_55)
FN:1365,(anonymous_56)
FN:1371,(anonymous_57)
FN:1378,(anonymous_58)
FN:1384,(anonymous_59)
FN:1391,(anonymous_60)
FNF:61
FNH:0
FNDA:0,(anonymous_0)
FNDA:0,(anonymous_1)
FNDA:0,(anonymous_2)
FNDA:0,(anonymous_3)
FNDA:0,(anonymous_4)
FNDA:0,(anonymous_5)
FNDA:0,(anonymous_6)
FNDA:0,(anonymous_7)
FNDA:0,(anonymous_8)
FNDA:0,(anonymous_9)
FNDA:0,(anonymous_10)
FNDA:0,(anonymous_11)
FNDA:0,(anonymous_12)
FNDA:0,(anonymous_13)
FNDA:0,(anonymous_14)
FNDA:0,(anonymous_15)
FNDA:0,(anonymous_16)
FNDA:0,(anonymous_17)
FNDA:0,(anonymous_18)
FNDA:0,(anonymous_19)
FNDA:0,(anonymous_20)
FNDA:0,(anonymous_21)
FNDA:0,(anonymous_22)
FNDA:0,(anonymous_23)
FNDA:0,(anonymous_24)
FNDA:0,(anonymous_25)
FNDA:0,(anonymous_26)
FNDA:0,(anonymous_27)
FNDA:0,(anonymous_28)
FNDA:0,(anonymous_29)
FNDA:0,(anonymous_30)
FNDA:0,(anonymous_31)
FNDA:0,(anonymous_32)
FNDA:0,(anonymous_33)
FNDA:0,(anonymous_34)
FNDA:0,(anonymous_35)
FNDA:0,(anonymous_36)
FNDA:0,(anonymous_37)
FNDA:0,(anonymous_38)
FNDA:0,(anonymous_39)
FNDA:0,(anonymous_40)
FNDA:0,(anonymous_41)
FNDA:0,(anonymous_42)
FNDA:0,(anonymous_43)
FNDA:0,(anonymous_44)
FNDA:0,(anonymous_45)
FNDA:0,(anonymous_46)
FNDA:0,(anonymous_47)
FNDA:0,(anonymous_48)
FNDA:0,(anonymous_49)
FNDA:0,(anonymous_50)
FNDA:0,(anonymous_51)
FNDA:0,(anonymous_52)
FNDA:0,(anonymous_53)
FNDA:0,(anonymous_54)
FNDA:0,(anonymous_55)
FNDA:0,(anonymous_56)
FNDA:0,(anonymous_57)
FNDA:0,(anonymous_58)
FNDA:0,(anonymous_59)
FNDA:0,(anonymous_60)
DA:21,0
DA:59,0
DA:384,0
DA:385,0
DA:386,0
DA:387,0
DA:394,0
DA:395,0
DA:402,0
DA:405,0
DA:408,0
DA:411,0
DA:414,0
DA:417,0
DA:419,0
DA:426,0
DA:427,0
DA:428,0
DA:431,0
DA:432,0
DA:434,0
DA:435,0
DA:437,0
DA:440,0
DA:441,0
DA:442,0
DA:444,0
DA:447,0
DA:448,0
DA:449,0
DA:451,0
DA:455,0
DA:457,0
DA:466,0
DA:467,0
DA:470,0
DA:471,0
DA:472,0
DA:473,0
DA:475,0
DA:482,0
DA:483,0
DA:484,0
DA:488,0
DA:489,0
DA:490,0
DA:493,0
DA:494,0
DA:495,0
DA:496,0
DA:499,0
DA:500,0
DA:501,0
DA:505,0
DA:506,0
DA:509,0
DA:510,0
DA:513,0
DA:516,0
DA:519,0
DA:521,0
DA:528,0
DA:529,0
DA:530,0
DA:531,0
DA:532,0
DA:535,0
DA:543,0
DA:545,0
DA:547,0
DA:555,0
DA:556,0
DA:557,0
DA:559,0
DA:567,0
DA:568,0
DA:571,0
DA:572,0
DA:574,0
DA:582,0
DA:583,0
DA:586,0
DA:587,0
DA:588,0
DA:591,0
DA:594,0
DA:597,0
DA:598,0
DA:599,0
DA:604,0
DA:607,0
DA:608,0
DA:614,0
DA:621,0
DA:622,0
DA:623,0
DA:624,0
DA:627,0
DA:628,0
DA:629,0
DA:633,0
DA:636,0
DA:637,0
DA:643,0
DA:651,0
DA:652,0
DA:655,0
DA:656,0
DA:657,0
DA:660,0
DA:663,0
DA:666,0
DA:667,0
DA:668,0
DA:673,0
DA:675,0
DA:682,0
DA:683,0
DA:684,0
DA:685,0
DA:688,0
DA:689,0
DA:690,0
DA:694,0
DA:696,0
DA:704,0
DA:705,0
DA:707,0
DA:708,0
DA:709,0
DA:712,0
DA:713,0
DA:714,0
DA:718,0
DA:727,0
DA:728,0
DA:729,0
DA:730,0
DA:734,0
DA:735,0
DA:736,0
DA:737,0
DA:741,0
DA:742,0
DA:743,0
DA:744,0
DA:748,0
DA:749,0
DA:750,0
DA:751,0
DA:755,0
DA:756,0
DA:757,0
DA:758,0
DA:760,0
DA:762,0
DA:763,0
DA:764,0
DA:766,0
DA:768,0
DA:769,0
DA:771,0
DA:772,0
DA:774,0
DA:775,0
DA:777,0
DA:778,0
DA:782,0
DA:785,0
DA:792,0
DA:793,0
DA:794,0
DA:795,0
DA:797,0
DA:798,0
DA:799,0
DA:801,0
DA:802,0
DA:805,0
DA:808,0
DA:809,0
DA:810,0
DA:812,0
DA:813,0
DA:816,0
DA:817,0
DA:820,0
DA:821,0
DA:824,0
DA:825,0
DA:827,0
DA:830,0
DA:831,0
DA:833,0
DA:834,0
DA:835,0
DA:838,0
DA:841,0
DA:842,0
DA:844,0
DA:845,0
DA:848,0
DA:852,0
DA:853,0
DA:854,0
DA:855,0
DA:862,0
DA:863,0
DA:864,0
DA:867,0
DA:878,0
DA:879,0
DA:880,0
DA:881,0
DA:893,0
DA:894,0
DA:897,0
DA:898,0
DA:900,0
DA:901,0
DA:902,0
DA:904,0
DA:905,0
DA:906,0
DA:907,0
DA:908,0
DA:909,0
DA:910,0
DA:912,0
DA:913,0
DA:916,0
DA:917,0
DA:919,0
DA:920,0
DA:922,0
DA:923,0
DA:924,0
DA:925,0
DA:928,0
DA:929,0
DA:931,0
DA:932,0
DA:933,0
DA:934,0
DA:935,0
DA:937,0
DA:938,0
DA:940,0
DA:941,0
DA:942,0
DA:943,0
DA:944,0
DA:948,0
DA:949,0
DA:950,0
DA:951,0
DA:953,0
DA:956,0
DA:957,0
DA:959,0
DA:960,0
DA:963,0
DA:966,0
DA:967,0
DA:969,0
DA:970,0
DA:974,0
DA:975,0
DA:976,0
DA:977,0
DA:979,0
DA:987,0
DA:989,0
DA:990,0
DA:991,0
DA:992,0
DA:995,0
DA:996,0
DA:997,0
DA:998,0
DA:1000,0
DA:1001,0
DA:1004,0
DA:1005,0
DA:1009,0
DA:1010,0
DA:1012,0
DA:1014,0
DA:1016,0
DA:1017,0
DA:1018,0
DA:1019,0
DA:1020,0
DA:1026,0
DA:1028,0
DA:1029,0
DA:1030,0
DA:1032,0
DA:1036,0
DA:1037,0
DA:1038,0
DA:1039,0
DA:1041,0
DA:1042,0
DA:1046,0
DA:1047,0
DA:1048,0
DA:1049,0
DA:1050,0
DA:1051,0
DA:1060,0
DA:1066,0
DA:1070,0
DA:1073,0
DA:1074,0
DA:1075,0
DA:1076,0
DA:1079,0
DA:1080,0
DA:1081,0
DA:1083,0
DA:1084,0
DA:1087,0
DA:1095,0
DA:1111,0
DA:1118,0
DA:1119,0
DA:1122,0
DA:1123,0
DA:1124,0
DA:1130,0
DA:1133,0
DA:1134,0
DA:1136,0
DA:1137,0
DA:1140,0
DA:1141,0
DA:1144,0
DA:1151,0
DA:1152,0
DA:1155,0
DA:1156,0
DA:1159,0
DA:1160,0
DA:1161,0
DA:1162,0
DA:1163,0
DA:1164,0
DA:1166,0
DA:1170,0
DA:1171,0
DA:1173,0
DA:1174,0
DA:1175,0
DA:1177,0
DA:1178,0
DA:1180,0
DA:1181,0
DA:1182,0
DA:1183,0
DA:1184,0
DA:1185,0
DA:1187,0
DA:1188,0
DA:1191,0
DA:1192,0
DA:1194,0
DA:1196,0
DA:1197,0
DA:1198,0
DA:1199,0
DA:1200,0
DA:1201,0
DA:1202,0
DA:1203,0
DA:1207,0
DA:1208,0
DA:1209,0
DA:1210,0
DA:1211,0
DA:1212,0
DA:1213,0
DA:1216,0
DA:1217,0
DA:1218,0
DA:1219,0
DA:1220,0
DA:1221,0
DA:1222,0
DA:1226,0
DA:1227,0
DA:1228,0
DA:1229,0
DA:1230,0
DA:1231,0
DA:1232,0
DA:1235,0
DA:1236,0
DA:1237,0
DA:1238,0
DA:1240,0
DA:1248,0
DA:1249,0
DA:1250,0
DA:1252,0
DA:1253,0
DA:1256,0
DA:1259,0
DA:1261,0
DA:1263,0
DA:1264,0
DA:1265,0
DA:1268,0
DA:1270,0
DA:1271,0
DA:1272,0
DA:1277,0
DA:1279,0
DA:1285,0
DA:1288,0
DA:1289,0
DA:1292,0
DA:1293,0
DA:1296,0
DA:1305,0
DA:1307,0
DA:1315,0
DA:1318,0
DA:1319,0
DA:1323,0
DA:1329,0
DA:1330,0
DA:1332,0
DA:1340,0
DA:1347,0
DA:1348,0
DA:1349,0
DA:1351,0
DA:1360,0
DA:1361,0
DA:1365,0
DA:1373,0
DA:1374,0
DA:1378,0
DA:1386,0
DA:1387,0
DA:1391,0
LF:447
LH:0
BRDA:426,0,0,0
BRDA:426,0,1,0
BRDA:437,1,0,0
BRDA:437,1,1,0
BRDA:440,2,0,0
BRDA:440,2,1,0
BRDA:447,3,0,0
BRDA:447,3,1,0
BRDA:466,4,0,0
BRDA:466,4,1,0
BRDA:482,5,0,0
BRDA:482,5,1,0
BRDA:499,6,0,0
BRDA:499,6,1,0
BRDA:530,7,0,0
BRDA:530,7,1,0
BRDA:530,8,0,0
BRDA:530,8,1,0
BRDA:543,9,0,0
BRDA:543,9,1,0
BRDA:567,10,0,0
BRDA:567,10,1,0
BRDA:571,11,0,0
BRDA:571,11,1,0
BRDA:582,12,0,0
BRDA:582,12,1,0
BRDA:597,13,0,0
BRDA:597,13,1,0
BRDA:607,14,0,0
BRDA:607,14,1,0
BRDA:621,15,0,0
BRDA:621,15,1,0
BRDA:627,16,0,0
BRDA:627,16,1,0
BRDA:636,17,0,0
BRDA:636,17,1,0
BRDA:651,18,0,0
BRDA:651,18,1,0
BRDA:666,19,0,0
BRDA:666,19,1,0
BRDA:682,20,0,0
BRDA:682,20,1,0
BRDA:688,21,0,0
BRDA:688,21,1,0
BRDA:704,22,0,0
BRDA:704,22,1,0
BRDA:704,23,0,0
BRDA:704,23,1,0
BRDA:707,24,0,0
BRDA:707,24,1,0
BRDA:707,25,0,0
BRDA:707,25,1,0
BRDA:712,26,0,0
BRDA:712,26,1,0
BRDA:758,27,0,0
BRDA:758,27,1,0
BRDA:766,28,0,0
BRDA:766,28,1,0
BRDA:766,28,2,0
BRDA:766,28,3,0
BRDA:798,29,0,0
BRDA:798,29,1,0
BRDA:799,30,0,0
BRDA:799,30,1,0
BRDA:817,31,0,0
BRDA:817,31,1,0
BRDA:817,32,0,0
BRDA:817,32,1,0
BRDA:831,33,0,0
BRDA:831,33,1,0
BRDA:831,34,0,0
BRDA:831,34,1,0
BRDA:842,35,0,0
BRDA:842,35,1,0
BRDA:883,36,0,0
BRDA:883,36,1,0
BRDA:884,37,0,0
BRDA:884,37,1,0
BRDA:885,38,0,0
BRDA:885,38,1,0
BRDA:886,39,0,0
BRDA:886,39,1,0
BRDA:887,40,0,0
BRDA:887,40,1,0
BRDA:888,41,0,0
BRDA:888,41,1,0
BRDA:898,42,0,0
BRDA:898,42,1,0
BRDA:917,43,0,0
BRDA:917,43,1,0
BRDA:917,44,0,0
BRDA:917,44,1,0
BRDA:928,45,0,0
BRDA:928,45,1,0
BRDA:931,46,0,0
BRDA:931,46,1,0
BRDA:937,47,0,0
BRDA:937,47,1,0
BRDA:940,48,0,0
BRDA:940,48,1,0
BRDA:957,49,0,0
BRDA:957,49,1,0
BRDA:957,50,0,0
BRDA:957,50,1,0
BRDA:967,51,0,0
BRDA:967,51,1,0
BRDA:987,52,0,0
BRDA:987,52,1,0
BRDA:987,53,0,0
BRDA:987,53,1,0
BRDA:998,54,0,0
BRDA:998,54,1,0
BRDA:998,55,0,0
BRDA:998,55,1,0
BRDA:1001,56,0,0
BRDA:1001,56,1,0
BRDA:1014,57,0,0
BRDA:1014,57,1,0
BRDA:1014,58,0,0
BRDA:1014,58,1,0
BRDA:1017,59,0,0
BRDA:1017,59,1,0
BRDA:1017,60,0,0
BRDA:1017,60,1,0
BRDA:1019,61,0,0
BRDA:1019,61,1,0
BRDA:1026,62,0,0
BRDA:1026,62,1,0
BRDA:1028,63,0,0
BRDA:1028,63,1,0
BRDA:1036,64,0,0
BRDA:1036,64,1,0
BRDA:1048,65,0,0
BRDA:1048,65,1,0
BRDA:1074,66,0,0
BRDA:1074,66,1,0
BRDA:1075,67,0,0
BRDA:1075,67,1,0
BRDA:1083,68,0,0
BRDA:1083,68,1,0
BRDA:1083,69,0,0
BRDA:1083,69,1,0
BRDA:1083,69,2,0
BRDA:1111,70,0,0
BRDA:1111,70,1,0
BRDA:1127,71,0,0
BRDA:1127,71,1,0
BRDA:1152,72,0,0
BRDA:1152,72,1,0
BRDA:1156,73,0,0
BRDA:1156,73,1,0
BRDA:1175,74,0,0
BRDA:1175,74,1,0
BRDA:1181,75,0,0
BRDA:1181,75,1,0
BRDA:1182,76,0,0
BRDA:1182,76,1,0
BRDA:1183,77,0,0
BRDA:1183,77,1,0
BRDA:1183,78,0,0
BRDA:1183,78,1,0
BRDA:1194,79,0,0
BRDA:1194,79,1,0
BRDA:1196,80,0,0
BRDA:1196,80,1,0
BRDA:1250,81,0,0
BRDA:1250,81,1,0
BRDA:1250,82,0,0
BRDA:1250,82,1,0
BRDA:1256,83,0,0
BRDA:1256,83,1,0
BRDA:1261,84,0,0
BRDA:1261,84,1,0
BRDA:1261,85,0,0
BRDA:1261,85,1,0
BRDA:1264,86,0,0
BRDA:1264,86,1,0
BRDA:1264,87,0,0
BRDA:1264,87,1,0
BRDA:1264,87,2,0
BRDA:1270,88,0,0
BRDA:1270,88,1,0
BRDA:1277,89,0,0
BRDA:1277,89,1,0
BRDA:1288,90,0,0
BRDA:1288,90,1,0
BRDA:1318,91,0,0
BRDA:1318,91,1,0
BRDA:1360,92,0,0
BRDA:1360,92,1,0
BRDA:1360,93,0,0
BRDA:1360,93,1,0
BRDA:1373,94,0,0
BRDA:1373,94,1,0
BRDA:1373,95,0,0
BRDA:1373,95,1,0
BRDA:1386,96,0,0
BRDA:1386,96,1,0
BRDA:1386,97,0,0
BRDA:1386,97,1,0
BRF:200
BRH:0
end_of_record
TN:
SF:src/features/quick-tabs/window.js
FN:15,(anonymous_0)
FN:38,(anonymous_1)
FN:39,(anonymous_2)
FN:40,(anonymous_3)
FN:41,(anonymous_4)
FN:42,(anonymous_5)
FN:43,(anonymous_6)
FN:44,(anonymous_7)
FN:45,(anonymous_8)
FN:46,(anonymous_9)
FN:52,(anonymous_10)
FN:109,(anonymous_11)
FN:126,(anonymous_12)
FN:143,(anonymous_13)
FN:156,(anonymous_14)
FN:193,(anonymous_15)
FN:206,(anonymous_16)
FN:219,(anonymous_17)
FN:223,(anonymous_18)
FN:233,(anonymous_19)
FN:257,(anonymous_20)
FN:300,(anonymous_21)
FN:312,(anonymous_22)
FN:321,(anonymous_23)
FN:326,(anonymous_24)
FN:339,(anonymous_25)
FN:362,(anonymous_26)
FN:366,(anonymous_27)
FN:370,(anonymous_28)
FN:381,(anonymous_29)
FN:382,(anonymous_30)
FN:394,(anonymous_31)
FN:409,(anonymous_32)
FN:422,(anonymous_33)
FN:438,(anonymous_34)
FN:503,(anonymous_35)
FN:523,(anonymous_36)
FN:540,(anonymous_37)
FN:595,(anonymous_38)
FN:617,(anonymous_39)
FN:638,(anonymous_40)
FN:639,(anonymous_41)
FN:647,(anonymous_42)
FN:662,(anonymous_43)
FN:677,(anonymous_44)
FN:699,(anonymous_45)
FN:709,(anonymous_46)
FN:710,(anonymous_47)
FN:756,(anonymous_48)
FN:788,(anonymous_49)
FN:802,(anonymous_50)
FN:814,(anonymous_51)
FN:827,(anonymous_52)
FN:849,createQuickTabWindow
FNF:54
FNH:0
FNDA:0,(anonymous_0)
FNDA:0,(anonymous_1)
FNDA:0,(anonymous_2)
FNDA:0,(anonymous_3)
FNDA:0,(anonymous_4)
FNDA:0,(anonymous_5)
FNDA:0,(anonymous_6)
FNDA:0,(anonymous_7)
FNDA:0,(anonymous_8)
FNDA:0,(anonymous_9)
FNDA:0,(anonymous_10)
FNDA:0,(anonymous_11)
FNDA:0,(anonymous_12)
FNDA:0,(anonymous_13)
FNDA:0,(anonymous_14)
FNDA:0,(anonymous_15)
FNDA:0,(anonymous_16)
FNDA:0,(anonymous_17)
FNDA:0,(anonymous_18)
FNDA:0,(anonymous_19)
FNDA:0,(anonymous_20)
FNDA:0,(anonymous_21)
FNDA:0,(anonymous_22)
FNDA:0,(anonymous_23)
FNDA:0,(anonymous_24)
FNDA:0,(anonymous_25)
FNDA:0,(anonymous_26)
FNDA:0,(anonymous_27)
FNDA:0,(anonymous_28)
FNDA:0,(anonymous_29)
FNDA:0,(anonymous_30)
FNDA:0,(anonymous_31)
FNDA:0,(anonymous_32)
FNDA:0,(anonymous_33)
FNDA:0,(anonymous_34)
FNDA:0,(anonymous_35)
FNDA:0,(anonymous_36)
FNDA:0,(anonymous_37)
FNDA:0,(anonymous_38)
FNDA:0,(anonymous_39)
FNDA:0,(anonymous_40)
FNDA:0,(anonymous_41)
FNDA:0,(anonymous_42)
FNDA:0,(anonymous_43)
FNDA:0,(anonymous_44)
FNDA:0,(anonymous_45)
FNDA:0,(anonymous_46)
FNDA:0,(anonymous_47)
FNDA:0,(anonymous_48)
FNDA:0,(anonymous_49)
FNDA:0,(anonymous_50)
FNDA:0,(anonymous_51)
FNDA:0,(anonymous_52)
FNDA:0,createQuickTabWindow
DA:16,0
DA:17,0
DA:18,0
DA:19,0
DA:20,0
DA:21,0
DA:22,0
DA:23,0
DA:24,0
DA:25,0
DA:26,0
DA:28,0
DA:29,0
DA:30,0
DA:31,0
DA:32,0
DA:33,0
DA:34,0
DA:35,0
DA:36,0
DA:38,0
DA:39,0
DA:40,0
DA:41,0
DA:42,0
DA:43,0
DA:44,0
DA:45,0
DA:46,0
DA:53,0
DA:54,0
DA:55,0
DA:59,0
DA:83,0
DA:84,0
DA:87,0
DA:99,0
DA:102,0
DA:105,0
DA:109,0
DA:110,0
DA:111,0
DA:115,0
DA:116,0
DA:117,0
DA:119,0
DA:120,0
DA:127,0
DA:139,0
DA:140,0
DA:141,0
DA:142,0
DA:143,0
DA:144,0
DA:147,0
DA:150,0
DA:157,0
DA:173,0
DA:184,0
DA:193,0
DA:194,0
DA:195,0
DA:196,0
DA:198,0
DA:202,0
DA:203,0
DA:206,0
DA:207,0
DA:208,0
DA:209,0
DA:211,0
DA:215,0
DA:216,0
DA:219,0
DA:221,0
DA:222,0
DA:223,0
DA:224,0
DA:227,0
DA:228,0
DA:231,0
DA:233,0
DA:234,0
DA:235,0
DA:236,0
DA:239,0
DA:240,0
DA:242,0
DA:255,0
DA:257,0
DA:258,0
DA:259,0
DA:260,0
DA:263,0
DA:264,0
DA:266,0
DA:269,0
DA:270,0
DA:273,0
DA:289,0
DA:292,0
DA:300,0
DA:301,0
DA:302,0
DA:308,0
DA:309,0
DA:312,0
DA:313,0
DA:315,0
DA:316,0
DA:317,0
DA:318,0
DA:321,0
DA:322,0
DA:323,0
DA:326,0
DA:327,0
DA:328,0
DA:330,0
DA:331,0
DA:333,0
DA:340,0
DA:362,0
DA:363,0
DA:366,0
DA:367,0
DA:370,0
DA:371,0
DA:372,0
DA:375,0
DA:382,0
DA:383,0
DA:385,0
DA:386,0
DA:387,0
DA:389,0
DA:391,0
DA:394,0
DA:395,0
DA:397,0
DA:398,0
DA:400,0
DA:401,0
DA:404,0
DA:405,0
DA:409,0
DA:410,0
DA:411,0
DA:412,0
DA:415,0
DA:416,0
DA:422,0
DA:423,0
DA:424,0
DA:427,0
DA:428,0
DA:439,0
DA:440,0
DA:441,0
DA:444,0
DA:503,0
DA:504,0
DA:520,0
DA:523,0
DA:524,0
DA:526,0
DA:527,0
DA:529,0
DA:530,0
DA:532,0
DA:533,0
DA:534,0
DA:535,0
DA:536,0
DA:537,0
DA:540,0
DA:541,0
DA:543,0
DA:544,0
DA:546,0
DA:547,0
DA:548,0
DA:549,0
DA:552,0
DA:553,0
DA:555,0
DA:556,0
DA:557,0
DA:558,0
DA:559,0
DA:561,0
DA:562,0
DA:564,0
DA:565,0
DA:566,0
DA:567,0
DA:568,0
DA:572,0
DA:573,0
DA:574,0
DA:575,0
DA:577,0
DA:578,0
DA:579,0
DA:580,0
DA:583,0
DA:584,0
DA:586,0
DA:587,0
DA:588,0
DA:592,0
DA:595,0
DA:596,0
DA:598,0
DA:599,0
DA:603,0
DA:604,0
DA:607,0
DA:608,0
DA:610,0
DA:611,0
DA:612,0
DA:617,0
DA:618,0
DA:619,0
DA:622,0
DA:623,0
DA:625,0
DA:626,0
DA:631,0
DA:639,0
DA:640,0
DA:648,0
DA:649,0
DA:652,0
DA:656,0
DA:663,0
DA:664,0
DA:667,0
DA:671,0
DA:678,0
DA:679,0
DA:680,0
DA:681,0
DA:684,0
DA:685,0
DA:686,0
DA:687,0
DA:690,0
DA:691,0
DA:693,0
DA:700,0
DA:701,0
DA:702,0
DA:710,0
DA:711,0
DA:713,0
DA:714,0
DA:715,0
DA:716,0
DA:717,0
DA:718,0
DA:719,0
DA:723,0
DA:724,0
DA:725,0
DA:726,0
DA:727,0
DA:728,0
DA:729,0
DA:732,0
DA:737,0
DA:738,0
DA:739,0
DA:740,0
DA:741,0
DA:742,0
DA:743,0
DA:746,0
DA:757,0
DA:759,0
DA:760,0
DA:761,0
DA:762,0
DA:765,0
DA:766,0
DA:770,0
DA:771,0
DA:772,0
DA:773,0
DA:774,0
DA:777,0
DA:778,0
DA:789,0
DA:790,0
DA:791,0
DA:792,0
DA:793,0
DA:803,0
DA:804,0
DA:805,0
DA:806,0
DA:807,0
DA:815,0
DA:816,0
DA:817,0
DA:818,0
DA:820,0
DA:821,0
DA:828,0
DA:850,0
DA:851,0
DA:852,0
LF:313
LH:0
BRDA:18,0,0,0
BRDA:18,0,1,0
BRDA:19,1,0,0
BRDA:19,1,1,0
BRDA:20,2,0,0
BRDA:20,2,1,0
BRDA:21,3,0,0
BRDA:21,3,1,0
BRDA:22,4,0,0
BRDA:22,4,1,0
BRDA:23,5,0,0
BRDA:23,5,1,0
BRDA:24,6,0,0
BRDA:24,6,1,0
BRDA:25,7,0,0
BRDA:25,7,1,0
BRDA:26,8,0,0
BRDA:26,8,1,0
BRDA:38,9,0,0
BRDA:38,9,1,0
BRDA:39,10,0,0
BRDA:39,10,1,0
BRDA:40,11,0,0
BRDA:40,11,1,0
BRDA:41,12,0,0
BRDA:41,12,1,0
BRDA:42,13,0,0
BRDA:42,13,1,0
BRDA:43,14,0,0
BRDA:43,14,1,0
BRDA:44,15,0,0
BRDA:44,15,1,0
BRDA:45,16,0,0
BRDA:45,16,1,0
BRDA:46,17,0,0
BRDA:46,17,1,0
BRDA:53,18,0,0
BRDA:53,18,1,0
BRDA:73,19,0,0
BRDA:73,19,1,0
BRDA:194,20,0,0
BRDA:194,20,1,0
BRDA:207,21,0,0
BRDA:207,21,1,0
BRDA:234,22,0,0
BRDA:234,22,1,0
BRDA:258,23,0,0
BRDA:258,23,1,0
BRDA:301,24,0,0
BRDA:301,24,1,0
BRDA:312,25,0,0
BRDA:312,25,1,0
BRDA:315,26,0,0
BRDA:315,26,1,0
BRDA:316,27,0,0
BRDA:316,27,1,0
BRDA:383,28,0,0
BRDA:383,28,1,0
BRDA:395,29,0,0
BRDA:395,29,1,0
BRDA:404,30,0,0
BRDA:404,30,1,0
BRDA:410,31,0,0
BRDA:410,31,1,0
BRDA:415,32,0,0
BRDA:415,32,1,0
BRDA:423,33,0,0
BRDA:423,33,1,0
BRDA:427,34,0,0
BRDA:427,34,1,0
BRDA:508,35,0,0
BRDA:508,35,1,0
BRDA:509,36,0,0
BRDA:509,36,1,0
BRDA:510,37,0,0
BRDA:510,37,1,0
BRDA:511,38,0,0
BRDA:511,38,1,0
BRDA:512,39,0,0
BRDA:512,39,1,0
BRDA:513,40,0,0
BRDA:513,40,1,0
BRDA:524,41,0,0
BRDA:524,41,1,0
BRDA:541,42,0,0
BRDA:541,42,1,0
BRDA:552,43,0,0
BRDA:552,43,1,0
BRDA:555,44,0,0
BRDA:555,44,1,0
BRDA:561,45,0,0
BRDA:561,45,1,0
BRDA:564,46,0,0
BRDA:564,46,1,0
BRDA:583,47,0,0
BRDA:583,47,1,0
BRDA:586,48,0,0
BRDA:586,48,1,0
BRDA:586,49,0,0
BRDA:586,49,1,0
BRDA:587,50,0,0
BRDA:587,50,1,0
BRDA:596,51,0,0
BRDA:596,51,1,0
BRDA:607,52,0,0
BRDA:607,52,1,0
BRDA:610,53,0,0
BRDA:610,53,1,0
BRDA:610,54,0,0
BRDA:610,54,1,0
BRDA:611,55,0,0
BRDA:611,55,1,0
BRDA:618,56,0,0
BRDA:618,56,1,0
BRDA:622,57,0,0
BRDA:622,57,1,0
BRDA:625,58,0,0
BRDA:625,58,1,0
BRDA:679,59,0,0
BRDA:679,59,1,0
BRDA:690,60,0,0
BRDA:690,60,1,0
BRDA:701,61,0,0
BRDA:701,61,1,0
BRDA:714,62,0,0
BRDA:714,62,1,0
BRDA:717,63,0,0
BRDA:717,63,1,0
BRDA:727,64,0,0
BRDA:727,64,1,0
BRDA:741,65,0,0
BRDA:741,65,1,0
BRDA:757,66,0,0
BRDA:757,66,1,0
BRDA:765,67,0,0
BRDA:765,67,1,0
BRDA:777,68,0,0
BRDA:777,68,1,0
BRDA:791,69,0,0
BRDA:791,69,1,0
BRDA:805,70,0,0
BRDA:805,70,1,0
BRDA:815,71,0,0
BRDA:815,71,1,0
BRF:144
BRH:0
end_of_record
TN:
SF:src/features/url-handlers/blogging.js
FN:9,findMediumUrl
FN:19,findDevToUrl
FN:29,findHashnodeUrl
FN:39,findSubstackUrl
FN:49,findWordpressUrl
FN:59,findBloggerUrl
FN:69,findGhostUrl
FN:79,findNotionUrl
FNF:8
FNH:0
FNDA:0,findMediumUrl
FNDA:0,findDevToUrl
FNDA:0,findHashnodeUrl
FNDA:0,findSubstackUrl
FNDA:0,findWordpressUrl
FNDA:0,findBloggerUrl
FNDA:0,findGhostUrl
FNDA:0,findNotionUrl
DA:10,0
DA:11,0
DA:13,0
DA:14,0
DA:16,0
DA:20,0
DA:21,0
DA:23,0
DA:24,0
DA:26,0
DA:30,0
DA:31,0
DA:33,0
DA:34,0
DA:36,0
DA:40,0
DA:41,0
DA:43,0
DA:44,0
DA:46,0
DA:50,0
DA:51,0
DA:53,0
DA:54,0
DA:56,0
DA:60,0
DA:61,0
DA:63,0
DA:64,0
DA:66,0
DA:70,0
DA:71,0
DA:73,0
DA:74,0
DA:76,0
DA:81,0
DA:84,0
LF:37
LH:0
BRDA:11,0,0,0
BRDA:11,0,1,0
BRDA:14,1,0,0
BRDA:14,1,1,0
BRDA:21,2,0,0
BRDA:21,2,1,0
BRDA:24,3,0,0
BRDA:24,3,1,0
BRDA:31,4,0,0
BRDA:31,4,1,0
BRDA:34,5,0,0
BRDA:34,5,1,0
BRDA:41,6,0,0
BRDA:41,6,1,0
BRDA:44,7,0,0
BRDA:44,7,1,0
BRDA:51,8,0,0
BRDA:51,8,1,0
BRDA:54,9,0,0
BRDA:54,9,1,0
BRDA:61,10,0,0
BRDA:61,10,1,0
BRDA:64,11,0,0
BRDA:64,11,1,0
BRDA:71,12,0,0
BRDA:71,12,1,0
BRDA:74,13,0,0
BRDA:74,13,1,0
BRF:28
BRH:0
end_of_record
TN:
SF:src/features/url-handlers/developer.js
FN:9,findGitHubUrl
FN:21,findGitLabUrl
FN:31,findBitbucketUrl
FN:41,findStackOverflowUrl
FN:51,findStackExchangeUrl
FN:61,findServerFaultUrl
FN:66,findSuperUserUrl
FN:71,findCodepenUrl
FN:81,findJSFiddleUrl
FN:91,findReplitUrl
FN:101,findGlitchUrl
FN:111,findCodesandboxUrl
FNF:12
FNH:0
FNDA:0,findGitHubUrl
FNDA:0,findGitLabUrl
FNDA:0,findBitbucketUrl
FNDA:0,findStackOverflowUrl
FNDA:0,findStackExchangeUrl
FNDA:0,findServerFaultUrl
FNDA:0,findSuperUserUrl
FNDA:0,findCodepenUrl
FNDA:0,findJSFiddleUrl
FNDA:0,findReplitUrl
FNDA:0,findGlitchUrl
FNDA:0,findCodesandboxUrl
DA:10,0
DA:11,0
DA:13,0
DA:16,0
DA:18,0
DA:22,0
DA:23,0
DA:25,0
DA:26,0
DA:28,0
DA:32,0
DA:33,0
DA:35,0
DA:36,0
DA:38,0
DA:42,0
DA:43,0
DA:45,0
DA:46,0
DA:48,0
DA:52,0
DA:53,0
DA:55,0
DA:56,0
DA:58,0
DA:63,0
DA:68,0
DA:72,0
DA:73,0
DA:75,0
DA:76,0
DA:78,0
DA:82,0
DA:83,0
DA:85,0
DA:86,0
DA:88,0
DA:92,0
DA:93,0
DA:95,0
DA:96,0
DA:98,0
DA:102,0
DA:103,0
DA:105,0
DA:106,0
DA:108,0
DA:112,0
DA:113,0
DA:115,0
DA:116,0
DA:118,0
DA:121,0
LF:53
LH:0
BRDA:11,0,0,0
BRDA:11,0,1,0
BRDA:16,1,0,0
BRDA:16,1,1,0
BRDA:23,2,0,0
BRDA:23,2,1,0
BRDA:26,3,0,0
BRDA:26,3,1,0
BRDA:33,4,0,0
BRDA:33,4,1,0
BRDA:36,5,0,0
BRDA:36,5,1,0
BRDA:43,6,0,0
BRDA:43,6,1,0
BRDA:46,7,0,0
BRDA:46,7,1,0
BRDA:53,8,0,0
BRDA:53,8,1,0
BRDA:56,9,0,0
BRDA:56,9,1,0
BRDA:73,10,0,0
BRDA:73,10,1,0
BRDA:76,11,0,0
BRDA:76,11,1,0
BRDA:83,12,0,0
BRDA:83,12,1,0
BRDA:86,13,0,0
BRDA:86,13,1,0
BRDA:93,14,0,0
BRDA:93,14,1,0
BRDA:96,15,0,0
BRDA:96,15,1,0
BRDA:103,16,0,0
BRDA:103,16,1,0
BRDA:106,17,0,0
BRDA:106,17,1,0
BRDA:113,18,0,0
BRDA:113,18,1,0
BRDA:116,19,0,0
BRDA:116,19,1,0
BRF:40
BRH:0
end_of_record
TN:
SF:src/features/url-handlers/ecommerce.js
FN:9,findAmazonUrl
FN:21,findEbayUrl
FN:31,findEtsyUrl
FN:41,findWalmartUrl
FN:51,findFlipkartUrl
FN:61,findAliexpressUrl
FN:71,findAlibabaUrl
FN:81,findShopifyUrl
FN:91,findTargetUrl
FN:101,findBestBuyUrl
FN:111,findNeweggUrl
FN:121,findWishUrl
FNF:12
FNH:0
FNDA:0,findAmazonUrl
FNDA:0,findEbayUrl
FNDA:0,findEtsyUrl
FNDA:0,findWalmartUrl
FNDA:0,findFlipkartUrl
FNDA:0,findAliexpressUrl
FNDA:0,findAlibabaUrl
FNDA:0,findShopifyUrl
FNDA:0,findTargetUrl
FNDA:0,findBestBuyUrl
FNDA:0,findNeweggUrl
FNDA:0,findWishUrl
DA:10,0
DA:13,0
DA:15,0
DA:16,0
DA:18,0
DA:22,0
DA:23,0
DA:25,0
DA:26,0
DA:28,0
DA:32,0
DA:33,0
DA:35,0
DA:36,0
DA:38,0
DA:42,0
DA:43,0
DA:45,0
DA:46,0
DA:48,0
DA:52,0
DA:53,0
DA:55,0
DA:56,0
DA:58,0
DA:62,0
DA:63,0
DA:65,0
DA:66,0
DA:68,0
DA:72,0
DA:73,0
DA:75,0
DA:76,0
DA:78,0
DA:82,0
DA:83,0
DA:85,0
DA:86,0
DA:88,0
DA:92,0
DA:93,0
DA:95,0
DA:96,0
DA:98,0
DA:102,0
DA:103,0
DA:105,0
DA:106,0
DA:108,0
DA:112,0
DA:113,0
DA:115,0
DA:116,0
DA:118,0
DA:122,0
DA:123,0
DA:125,0
DA:126,0
DA:128,0
DA:131,0
LF:61
LH:0
BRDA:13,0,0,0
BRDA:13,0,1,0
BRDA:16,1,0,0
BRDA:16,1,1,0
BRDA:23,2,0,0
BRDA:23,2,1,0
BRDA:26,3,0,0
BRDA:26,3,1,0
BRDA:33,4,0,0
BRDA:33,4,1,0
BRDA:36,5,0,0
BRDA:36,5,1,0
BRDA:43,6,0,0
BRDA:43,6,1,0
BRDA:46,7,0,0
BRDA:46,7,1,0
BRDA:53,8,0,0
BRDA:53,8,1,0
BRDA:56,9,0,0
BRDA:56,9,1,0
BRDA:63,10,0,0
BRDA:63,10,1,0
BRDA:66,11,0,0
BRDA:66,11,1,0
BRDA:73,12,0,0
BRDA:73,12,1,0
BRDA:76,13,0,0
BRDA:76,13,1,0
BRDA:83,14,0,0
BRDA:83,14,1,0
BRDA:86,15,0,0
BRDA:86,15,1,0
BRDA:93,16,0,0
BRDA:93,16,1,0
BRDA:96,17,0,0
BRDA:96,17,1,0
BRDA:103,18,0,0
BRDA:103,18,1,0
BRDA:106,19,0,0
BRDA:106,19,1,0
BRDA:113,20,0,0
BRDA:113,20,1,0
BRDA:116,21,0,0
BRDA:116,21,1,0
BRDA:123,22,0,0
BRDA:123,22,1,0
BRDA:126,23,0,0
BRDA:126,23,1,0
BRF:48
BRH:0
end_of_record
TN:
SF:src/features/url-handlers/entertainment.js
FN:9,findWikipediaUrl
FN:15,findImdbUrl
FN:25,findRottenTomatoesUrl
FN:35,findNetflixUrl
FN:40,findLetterboxdUrl
FN:50,findGoodreadsUrl
FN:60,findMyAnimeListUrl
FN:70,findAniListUrl
FN:80,findKitsuUrl
FN:90,findLastFmUrl
FN:100,findSpotifyUrl
FN:110,findSoundcloudUrl
FN:120,findBandcampUrl
FNF:13
FNH:0
FNDA:0,findWikipediaUrl
FNDA:0,findImdbUrl
FNDA:0,findRottenTomatoesUrl
FNDA:0,findNetflixUrl
FNDA:0,findLetterboxdUrl
FNDA:0,findGoodreadsUrl
FNDA:0,findMyAnimeListUrl
FNDA:0,findAniListUrl
FNDA:0,findKitsuUrl
FNDA:0,findLastFmUrl
FNDA:0,findSpotifyUrl
FNDA:0,findSoundcloudUrl
FNDA:0,findBandcampUrl
DA:12,0
DA:16,0
DA:17,0
DA:19,0
DA:20,0
DA:22,0
DA:26,0
DA:27,0
DA:29,0
DA:30,0
DA:32,0
DA:37,0
DA:41,0
DA:42,0
DA:44,0
DA:45,0
DA:47,0
DA:51,0
DA:52,0
DA:54,0
DA:55,0
DA:57,0
DA:61,0
DA:62,0
DA:64,0
DA:65,0
DA:67,0
DA:71,0
DA:72,0
DA:74,0
DA:75,0
DA:77,0
DA:81,0
DA:82,0
DA:84,0
DA:85,0
DA:87,0
DA:91,0
DA:92,0
DA:94,0
DA:95,0
DA:97,0
DA:101,0
DA:102,0
DA:104,0
DA:105,0
DA:107,0
DA:111,0
DA:112,0
DA:114,0
DA:115,0
DA:117,0
DA:121,0
DA:122,0
DA:124,0
DA:125,0
DA:127,0
DA:130,0
LF:58
LH:0
BRDA:17,0,0,0
BRDA:17,0,1,0
BRDA:20,1,0,0
BRDA:20,1,1,0
BRDA:27,2,0,0
BRDA:27,2,1,0
BRDA:30,3,0,0
BRDA:30,3,1,0
BRDA:42,4,0,0
BRDA:42,4,1,0
BRDA:45,5,0,0
BRDA:45,5,1,0
BRDA:52,6,0,0
BRDA:52,6,1,0
BRDA:55,7,0,0
BRDA:55,7,1,0
BRDA:62,8,0,0
BRDA:62,8,1,0
BRDA:65,9,0,0
BRDA:65,9,1,0
BRDA:72,10,0,0
BRDA:72,10,1,0
BRDA:75,11,0,0
BRDA:75,11,1,0
BRDA:82,12,0,0
BRDA:82,12,1,0
BRDA:85,13,0,0
BRDA:85,13,1,0
BRDA:92,14,0,0
BRDA:92,14,1,0
BRDA:95,15,0,0
BRDA:95,15,1,0
BRDA:102,16,0,0
BRDA:102,16,1,0
BRDA:105,17,0,0
BRDA:105,17,1,0
BRDA:112,18,0,0
BRDA:112,18,1,0
BRDA:115,19,0,0
BRDA:115,19,1,0
BRDA:122,20,0,0
BRDA:122,20,1,0
BRDA:125,21,0,0
BRDA:125,21,1,0
BRF:44
BRH:0
end_of_record
TN:
SF:src/features/url-handlers/gaming.js
FN:9,findSteamUrl
FN:19,findSteamPoweredUrl
FN:29,findEpicGamesUrl
FN:39,findGOGUrl
FN:49,findItchIoUrl
FN:59,findGameJoltUrl
FNF:6
FNH:0
FNDA:0,findSteamUrl
FNDA:0,findSteamPoweredUrl
FNDA:0,findEpicGamesUrl
FNDA:0,findGOGUrl
FNDA:0,findItchIoUrl
FNDA:0,findGameJoltUrl
DA:10,0
DA:11,0
DA:13,0
DA:14,0
DA:16,0
DA:20,0
DA:21,0
DA:23,0
DA:24,0
DA:26,0
DA:30,0
DA:31,0
DA:33,0
DA:34,0
DA:36,0
DA:40,0
DA:41,0
DA:43,0
DA:44,0
DA:46,0
DA:50,0
DA:51,0
DA:53,0
DA:54,0
DA:56,0
DA:60,0
DA:61,0
DA:63,0
DA:64,0
DA:66,0
DA:69,0
LF:31
LH:0
BRDA:11,0,0,0
BRDA:11,0,1,0
BRDA:14,1,0,0
BRDA:14,1,1,0
BRDA:21,2,0,0
BRDA:21,2,1,0
BRDA:24,3,0,0
BRDA:24,3,1,0
BRDA:31,4,0,0
BRDA:31,4,1,0
BRDA:34,5,0,0
BRDA:34,5,1,0
BRDA:41,6,0,0
BRDA:41,6,1,0
BRDA:44,7,0,0
BRDA:44,7,1,0
BRDA:51,8,0,0
BRDA:51,8,1,0
BRDA:54,9,0,0
BRDA:54,9,1,0
BRDA:61,10,0,0
BRDA:61,10,1,0
BRDA:64,11,0,0
BRDA:64,11,1,0
BRF:24
BRH:0
end_of_record
TN:
SF:src/features/url-handlers/generic.js
FN:13,findGenericUrl
FN:44,getLinkText
FNF:2
FNH:0
FNDA:0,findGenericUrl
FNDA:0,getLinkText
DA:15,0
DA:18,0
DA:19,0
DA:23,0
DA:31,0
DA:32,0
DA:36,0
DA:45,0
DA:46,0
DA:49,0
DA:50,0
DA:51,0
DA:54,0
LF:13
LH:0
BRDA:15,0,0,0
BRDA:15,0,1,0
BRDA:19,1,0,0
BRDA:19,1,1,0
BRDA:23,2,0,0
BRDA:23,2,1,0
BRDA:24,3,0,0
BRDA:24,3,1,0
BRDA:24,3,2,0
BRDA:24,3,3,0
BRDA:24,3,4,0
BRDA:24,3,5,0
BRDA:32,4,0,0
BRDA:32,4,1,0
BRDA:45,5,0,0
BRDA:45,5,1,0
BRDA:50,6,0,0
BRDA:50,6,1,0
BRF:18
BRH:0
end_of_record
TN:
SF:src/features/url-handlers/image-design.js
FN:9,findPinterestUrl
FN:19,findTumblrUrl
FN:29,findDribbbleUrl
FN:39,findBehanceUrl
FN:49,findDeviantartUrl
FN:59,findFlickrUrl
FN:69,find500pxUrl
FN:79,findUnsplashUrl
FN:89,findPexelsUrl
FN:99,findPixabayUrl
FN:109,findArtstationUrl
FN:119,findImgurUrl
FN:129,findGiphyUrl
FNF:13
FNH:0
FNDA:0,findPinterestUrl
FNDA:0,findTumblrUrl
FNDA:0,findDribbbleUrl
FNDA:0,findBehanceUrl
FNDA:0,findDeviantartUrl
FNDA:0,findFlickrUrl
FNDA:0,find500pxUrl
FNDA:0,findUnsplashUrl
FNDA:0,findPexelsUrl
FNDA:0,findPixabayUrl
FNDA:0,findArtstationUrl
FNDA:0,findImgurUrl
FNDA:0,findGiphyUrl
DA:10,0
DA:11,0
DA:13,0
DA:14,0
DA:16,0
DA:20,0
DA:21,0
DA:23,0
DA:24,0
DA:26,0
DA:30,0
DA:31,0
DA:33,0
DA:34,0
DA:36,0
DA:40,0
DA:41,0
DA:43,0
DA:44,0
DA:46,0
DA:50,0
DA:51,0
DA:53,0
DA:54,0
DA:56,0
DA:60,0
DA:61,0
DA:63,0
DA:64,0
DA:66,0
DA:70,0
DA:71,0
DA:73,0
DA:74,0
DA:76,0
DA:80,0
DA:81,0
DA:83,0
DA:84,0
DA:86,0
DA:90,0
DA:91,0
DA:93,0
DA:94,0
DA:96,0
DA:100,0
DA:101,0
DA:103,0
DA:104,0
DA:106,0
DA:110,0
DA:111,0
DA:113,0
DA:114,0
DA:116,0
DA:120,0
DA:121,0
DA:123,0
DA:124,0
DA:126,0
DA:130,0
DA:131,0
DA:133,0
DA:134,0
DA:136,0
DA:139,0
LF:66
LH:0
BRDA:11,0,0,0
BRDA:11,0,1,0
BRDA:14,1,0,0
BRDA:14,1,1,0
BRDA:21,2,0,0
BRDA:21,2,1,0
BRDA:24,3,0,0
BRDA:24,3,1,0
BRDA:31,4,0,0
BRDA:31,4,1,0
BRDA:34,5,0,0
BRDA:34,5,1,0
BRDA:41,6,0,0
BRDA:41,6,1,0
BRDA:44,7,0,0
BRDA:44,7,1,0
BRDA:51,8,0,0
BRDA:51,8,1,0
BRDA:54,9,0,0
BRDA:54,9,1,0
BRDA:61,10,0,0
BRDA:61,10,1,0
BRDA:64,11,0,0
BRDA:64,11,1,0
BRDA:71,12,0,0
BRDA:71,12,1,0
BRDA:74,13,0,0
BRDA:74,13,1,0
BRDA:81,14,0,0
BRDA:81,14,1,0
BRDA:84,15,0,0
BRDA:84,15,1,0
BRDA:91,16,0,0
BRDA:91,16,1,0
BRDA:94,17,0,0
BRDA:94,17,1,0
BRDA:101,18,0,0
BRDA:101,18,1,0
BRDA:104,19,0,0
BRDA:104,19,1,0
BRDA:111,20,0,0
BRDA:111,20,1,0
BRDA:114,21,0,0
BRDA:114,21,1,0
BRDA:121,22,0,0
BRDA:121,22,1,0
BRDA:124,23,0,0
BRDA:124,23,1,0
BRDA:131,24,0,0
BRDA:131,24,1,0
BRDA:134,25,0,0
BRDA:134,25,1,0
BRF:52
BRH:0
end_of_record
TN:
SF:src/features/url-handlers/index.js
FN:24,(anonymous_0)
FN:47,(anonymous_1)
FN:77,(anonymous_2)
FN:86,(anonymous_3)
FNF:4
FNH:0
FNDA:0,(anonymous_0)
FNDA:0,(anonymous_1)
FNDA:0,(anonymous_2)
FNDA:0,(anonymous_3)
DA:26,0
DA:49,0
DA:50,0
DA:54,0
DA:55,0
DA:56,0
DA:57,0
DA:58,0
DA:60,0
DA:64,0
DA:65,0
DA:66,0
DA:70,0
DA:78,0
DA:88,0
LF:15
LH:0
BRDA:49,0,0,0
BRDA:49,0,1,0
BRDA:49,1,0,0
BRDA:49,1,1,0
BRDA:56,2,0,0
BRDA:56,2,1,0
BRDA:57,3,0,0
BRDA:57,3,1,0
BRDA:57,4,0,0
BRDA:57,4,1,0
BRDA:64,5,0,0
BRDA:64,5,1,0
BRDA:66,6,0,0
BRDA:66,6,1,0
BRF:14
BRH:0
end_of_record
TN:
SF:src/features/url-handlers/learning.js
FN:9,findCourseraUrl
FN:19,findUdemyUrl
FN:29,findEdXUrl
FN:39,findKhanAcademyUrl
FN:49,findSkillshareUrl
FN:59,findPluralsightUrl
FN:69,findUdacityUrl
FNF:7
FNH:0
FNDA:0,findCourseraUrl
FNDA:0,findUdemyUrl
FNDA:0,findEdXUrl
FNDA:0,findKhanAcademyUrl
FNDA:0,findSkillshareUrl
FNDA:0,findPluralsightUrl
FNDA:0,findUdacityUrl
DA:10,0
DA:11,0
DA:13,0
DA:14,0
DA:16,0
DA:20,0
DA:21,0
DA:23,0
DA:24,0
DA:26,0
DA:30,0
DA:31,0
DA:33,0
DA:34,0
DA:36,0
DA:40,0
DA:41,0
DA:43,0
DA:44,0
DA:46,0
DA:50,0
DA:51,0
DA:53,0
DA:54,0
DA:56,0
DA:60,0
DA:61,0
DA:63,0
DA:64,0
DA:66,0
DA:70,0
DA:71,0
DA:73,0
DA:74,0
DA:76,0
DA:79,0
LF:36
LH:0
BRDA:11,0,0,0
BRDA:11,0,1,0
BRDA:14,1,0,0
BRDA:14,1,1,0
BRDA:21,2,0,0
BRDA:21,2,1,0
BRDA:24,3,0,0
BRDA:24,3,1,0
BRDA:31,4,0,0
BRDA:31,4,1,0
BRDA:34,5,0,0
BRDA:34,5,1,0
BRDA:41,6,0,0
BRDA:41,6,1,0
BRDA:44,7,0,0
BRDA:44,7,1,0
BRDA:51,8,0,0
BRDA:51,8,1,0
BRDA:54,9,0,0
BRDA:54,9,1,0
BRDA:61,10,0,0
BRDA:61,10,1,0
BRDA:64,11,0,0
BRDA:64,11,1,0
BRDA:71,12,0,0
BRDA:71,12,1,0
BRDA:74,13,0,0
BRDA:74,13,1,0
BRF:28
BRH:0
end_of_record
TN:
SF:src/features/url-handlers/news-discussion.js
FN:9,findHackerNewsUrl
FN:19,findProductHuntUrl
FN:29,findQuoraUrl
FN:39,findDiscordUrl
FN:49,findSlackUrl
FN:59,findLobstersUrl
FN:69,findGoogleNewsUrl
FN:79,findFeedlyUrl
FNF:8
FNH:0
FNDA:0,findHackerNewsUrl
FNDA:0,findProductHuntUrl
FNDA:0,findQuoraUrl
FNDA:0,findDiscordUrl
FNDA:0,findSlackUrl
FNDA:0,findLobstersUrl
FNDA:0,findGoogleNewsUrl
FNDA:0,findFeedlyUrl
DA:10,0
DA:11,0
DA:13,0
DA:14,0
DA:16,0
DA:20,0
DA:21,0
DA:23,0
DA:24,0
DA:26,0
DA:30,0
DA:31,0
DA:33,0
DA:34,0
DA:36,0
DA:40,0
DA:41,0
DA:43,0
DA:44,0
DA:46,0
DA:50,0
DA:51,0
DA:53,0
DA:54,0
DA:56,0
DA:60,0
DA:61,0
DA:63,0
DA:64,0
DA:66,0
DA:70,0
DA:71,0
DA:73,0
DA:74,0
DA:76,0
DA:80,0
DA:81,0
DA:83,0
DA:84,0
DA:86,0
DA:89,0
LF:41
LH:0
BRDA:11,0,0,0
BRDA:11,0,1,0
BRDA:14,1,0,0
BRDA:14,1,1,0
BRDA:21,2,0,0
BRDA:21,2,1,0
BRDA:24,3,0,0
BRDA:24,3,1,0
BRDA:31,4,0,0
BRDA:31,4,1,0
BRDA:34,5,0,0
BRDA:34,5,1,0
BRDA:41,6,0,0
BRDA:41,6,1,0
BRDA:44,7,0,0
BRDA:44,7,1,0
BRDA:51,8,0,0
BRDA:51,8,1,0
BRDA:54,9,0,0
BRDA:54,9,1,0
BRDA:61,10,0,0
BRDA:61,10,1,0
BRDA:64,11,0,0
BRDA:64,11,1,0
BRDA:71,12,0,0
BRDA:71,12,1,0
BRDA:74,13,0,0
BRDA:74,13,1,0
BRDA:81,14,0,0
BRDA:81,14,1,0
BRDA:84,15,0,0
BRDA:84,15,1,0
BRF:32
BRH:0
end_of_record
TN:
SF:src/features/url-handlers/other.js
FN:9,findArchiveOrgUrl
FN:19,findPatreonUrl
FN:29,findKoFiUrl
FN:39,findBuyMeACoffeeUrl
FN:49,findGumroadUrl
FNF:5
FNH:0
FNDA:0,findArchiveOrgUrl
FNDA:0,findPatreonUrl
FNDA:0,findKoFiUrl
FNDA:0,findBuyMeACoffeeUrl
FNDA:0,findGumroadUrl
DA:10,0
DA:11,0
DA:13,0
DA:14,0
DA:16,0
DA:20,0
DA:21,0
DA:23,0
DA:24,0
DA:26,0
DA:30,0
DA:31,0
DA:33,0
DA:34,0
DA:36,0
DA:40,0
DA:41,0
DA:43,0
DA:44,0
DA:46,0
DA:50,0
DA:51,0
DA:53,0
DA:54,0
DA:56,0
DA:59,0
LF:26
LH:0
BRDA:11,0,0,0
BRDA:11,0,1,0
BRDA:14,1,0,0
BRDA:14,1,1,0
BRDA:21,2,0,0
BRDA:21,2,1,0
BRDA:24,3,0,0
BRDA:24,3,1,0
BRDA:31,4,0,0
BRDA:31,4,1,0
BRDA:34,5,0,0
BRDA:34,5,1,0
BRDA:41,6,0,0
BRDA:41,6,1,0
BRDA:44,7,0,0
BRDA:44,7,1,0
BRDA:51,8,0,0
BRDA:51,8,1,0
BRDA:54,9,0,0
BRDA:54,9,1,0
BRF:20
BRH:0
end_of_record
TN:
SF:src/features/url-handlers/social-media.js
FN:9,findTwitterUrl
FN:22,findRedditUrl
FN:36,findLinkedInUrl
FN:49,findInstagramUrl
FN:59,findFacebookUrl
FN:71,findTikTokUrl
FN:81,findThreadsUrl
FN:91,findBlueskyUrl
FN:101,findMastodonUrl
FN:111,findSnapchatUrl
FN:121,findWhatsappUrl
FN:127,findTelegramUrl
FNF:12
FNH:0
FNDA:0,findTwitterUrl
FNDA:0,findRedditUrl
FNDA:0,findLinkedInUrl
FNDA:0,findInstagramUrl
FNDA:0,findFacebookUrl
FNDA:0,findTikTokUrl
FNDA:0,findThreadsUrl
FNDA:0,findBlueskyUrl
FNDA:0,findMastodonUrl
FNDA:0,findSnapchatUrl
FNDA:0,findWhatsappUrl
FNDA:0,findTelegramUrl
DA:10,0
DA:11,0
DA:13,0
DA:14,0
DA:15,0
DA:18,0
DA:19,0
DA:23,0
DA:26,0
DA:28,0
DA:31,0
DA:33,0
DA:37,0
DA:38,0
DA:40,0
DA:41,0
DA:42,0
DA:43,0
DA:46,0
DA:50,0
DA:51,0
DA:53,0
DA:54,0
DA:56,0
DA:60,0
DA:61,0
DA:63,0
DA:66,0
DA:68,0
DA:72,0
DA:73,0
DA:75,0
DA:76,0
DA:78,0
DA:82,0
DA:83,0
DA:85,0
DA:86,0
DA:88,0
DA:92,0
DA:93,0
DA:95,0
DA:96,0
DA:98,0
DA:102,0
DA:103,0
DA:105,0
DA:106,0
DA:108,0
DA:112,0
DA:113,0
DA:115,0
DA:116,0
DA:118,0
DA:124,0
DA:128,0
DA:129,0
DA:131,0
DA:132,0
DA:134,0
DA:137,0
LF:61
LH:0
BRDA:13,0,0,0
BRDA:13,0,1,0
BRDA:13,1,0,0
BRDA:13,1,1,0
BRDA:26,2,0,0
BRDA:26,2,1,0
BRDA:31,3,0,0
BRDA:31,3,1,0
BRDA:38,4,0,0
BRDA:38,4,1,0
BRDA:43,5,0,0
BRDA:43,5,1,0
BRDA:43,6,0,0
BRDA:43,6,1,0
BRDA:51,7,0,0
BRDA:51,7,1,0
BRDA:54,8,0,0
BRDA:54,8,1,0
BRDA:61,9,0,0
BRDA:61,9,1,0
BRDA:66,10,0,0
BRDA:66,10,1,0
BRDA:73,11,0,0
BRDA:73,11,1,0
BRDA:76,12,0,0
BRDA:76,12,1,0
BRDA:83,13,0,0
BRDA:83,13,1,0
BRDA:86,14,0,0
BRDA:86,14,1,0
BRDA:93,15,0,0
BRDA:93,15,1,0
BRDA:96,16,0,0
BRDA:96,16,1,0
BRDA:103,17,0,0
BRDA:103,17,1,0
BRDA:106,18,0,0
BRDA:106,18,1,0
BRDA:113,19,0,0
BRDA:113,19,1,0
BRDA:116,20,0,0
BRDA:116,20,1,0
BRDA:129,21,0,0
BRDA:129,21,1,0
BRDA:132,22,0,0
BRDA:132,22,1,0
BRF:46
BRH:0
end_of_record
TN:
SF:src/features/url-handlers/video.js
FN:9,findYouTubeUrl
FN:24,findVimeoUrl
FN:34,findDailyMotionUrl
FN:44,findTwitchUrl
FN:54,findRumbleUrl
FN:64,findOdyseeUrl
FN:74,findBitchuteUrl
FNF:7
FNH:0
FNDA:0,findYouTubeUrl
FNDA:0,findVimeoUrl
FNDA:0,findDailyMotionUrl
FNDA:0,findTwitchUrl
FNDA:0,findRumbleUrl
FNDA:0,findOdyseeUrl
FNDA:0,findBitchuteUrl
DA:10,0
DA:13,0
DA:15,0
DA:16,0
DA:18,0
DA:19,0
DA:21,0
DA:25,0
DA:26,0
DA:28,0
DA:29,0
DA:31,0
DA:35,0
DA:36,0
DA:38,0
DA:39,0
DA:41,0
DA:45,0
DA:46,0
DA:48,0
DA:49,0
DA:51,0
DA:55,0
DA:56,0
DA:58,0
DA:59,0
DA:61,0
DA:65,0
DA:66,0
DA:68,0
DA:69,0
DA:71,0
DA:75,0
DA:76,0
DA:78,0
DA:79,0
DA:81,0
DA:84,0
LF:38
LH:0
BRDA:13,0,0,0
BRDA:13,0,1,0
BRDA:16,1,0,0
BRDA:16,1,1,0
BRDA:19,2,0,0
BRDA:19,2,1,0
BRDA:26,3,0,0
BRDA:26,3,1,0
BRDA:29,4,0,0
BRDA:29,4,1,0
BRDA:36,5,0,0
BRDA:36,5,1,0
BRDA:39,6,0,0
BRDA:39,6,1,0
BRDA:46,7,0,0
BRDA:46,7,1,0
BRDA:49,8,0,0
BRDA:49,8,1,0
BRDA:56,9,0,0
BRDA:56,9,1,0
BRDA:59,10,0,0
BRDA:59,10,1,0
BRDA:66,11,0,0
BRDA:66,11,1,0
BRDA:69,12,0,0
BRDA:69,12,1,0
BRDA:76,13,0,0
BRDA:76,13,1,0
BRDA:79,14,0,0
BRDA:79,14,1,0
BRF:30
BRH:0
end_of_record
TN:
SF:src/ui/components.js
FN:11,createStyledButton
FN:12,(anonymous_1)
FN:39,createModal
FN:40,(anonymous_3)
FN:76,(anonymous_4)
FN:97,createDraggablePanel
FNF:6
FNH:0
FNDA:0,createStyledButton
FNDA:0,(anonymous_1)
FNDA:0,createModal
FNDA:0,(anonymous_3)
FNDA:0,(anonymous_4)
FNDA:0,createDraggablePanel
DA:12,0
DA:14,0
DA:15,0
DA:16,0
DA:19,0
DA:31,0
DA:33,0
DA:40,0
DA:42,0
DA:43,0
DA:56,0
DA:57,0
DA:67,0
DA:68,0
DA:69,0
DA:71,0
DA:72,0
DA:74,0
DA:77,0
DA:78,0
DA:86,0
DA:87,0
DA:88,0
DA:89,0
DA:91,0
DA:98,0
DA:100,0
DA:101,0
DA:114,0
LF:29
LH:0
BRDA:12,0,0,0
BRDA:12,1,0,0
BRDA:12,2,0,0
BRDA:12,3,0,0
BRDA:40,4,0,0
BRDA:40,5,0,0
BRDA:40,6,0,0
BRDA:40,7,0,0
BRDA:98,8,0,0
BRDA:98,9,0,0
BRDA:98,10,0,0
BRDA:98,11,0,0
BRDA:98,12,0,0
BRF:13
BRH:0
end_of_record
TN:
SF:src/utils/browser-api.js
FN:11,sendMessageToBackground
FN:26,getStorage
FN:45,setStorage
FN:64,removeStorage
FN:82,clearStorage
FN:100,copyToClipboard
FN:129,getCurrentTab
FN:144,createTab
FN:158,getContainer
FN:175,isApiSupported
FNF:10
FNH:0
FNDA:0,sendMessageToBackground
FNDA:0,getStorage
FNDA:0,setStorage
FNDA:0,removeStorage
FNDA:0,clearStorage
FNDA:0,copyToClipboard
FNDA:0,getCurrentTab
FNDA:0,createTab
FNDA:0,getContainer
FNDA:0,isApiSupported
DA:12,0
DA:13,0
DA:15,0
DA:16,0
DA:27,0
DA:28,0
DA:29,0
DA:30,0
DA:32,0
DA:34,0
DA:35,0
DA:46,0
DA:47,0
DA:48,0
DA:49,0
DA:51,0
DA:53,0
DA:54,0
DA:65,0
DA:66,0
DA:67,0
DA:68,0
DA:70,0
DA:72,0
DA:73,0
DA:83,0
DA:84,0
DA:85,0
DA:86,0
DA:88,0
DA:90,0
DA:91,0
DA:101,0
DA:102,0
DA:103,0
DA:105,0
DA:108,0
DA:109,0
DA:110,0
DA:111,0
DA:112,0
DA:113,0
DA:114,0
DA:115,0
DA:116,0
DA:117,0
DA:119,0
DA:120,0
DA:130,0
DA:131,0
DA:132,0
DA:134,0
DA:135,0
DA:145,0
DA:146,0
DA:148,0
DA:149,0
DA:159,0
DA:160,0
DA:161,0
DA:163,0
DA:165,0
DA:166,0
DA:176,0
DA:177,0
DA:179,0
DA:180,0
DA:181,0
DA:183,0
DA:186,0
LF:70
LH:0
BRDA:26,0,0,0
BRDA:29,1,0,0
BRDA:29,1,1,0
BRDA:45,2,0,0
BRDA:48,3,0,0
BRDA:48,3,1,0
BRDA:64,4,0,0
BRDA:67,5,0,0
BRDA:67,5,1,0
BRDA:82,6,0,0
BRDA:85,7,0,0
BRDA:85,7,1,0
BRDA:132,8,0,0
BRDA:132,8,1,0
BRDA:160,9,0,0
BRDA:160,9,1,0
BRDA:160,10,0,0
BRDA:160,10,1,0
BRDA:180,11,0,0
BRDA:180,11,1,0
BRDA:180,12,0,0
BRDA:180,12,1,0
BRF:22
BRH:0
end_of_record
TN:
SF:src/utils/debug.js
FN:26,addToBuffer
FN:36,(anonymous_1)
FN:45,enableDebug
FN:52,disableDebug
FN:60,isDebugEnabled
FN:68,debug
FN:79,debugError
FN:88,debugWarn
FN:99,debugInfo
FN:108,getLogBuffer
FN:115,clearLogBuffer
FN:126,formatLogsAsText
FN:142,(anonymous_12)
FN:158,generateLogFilename
FN:170,exportLogs
FN:188,(anonymous_15)
FN:211,(anonymous_16)
FN:237,(anonymous_17)
FN:253,generateId
FN:263,throttle
FN:265,(anonymous_20)
FN:280,debounce
FN:282,(anonymous_22)
FN:284,(anonymous_23)
FNF:24
FNH:0
FNDA:0,addToBuffer
FNDA:0,(anonymous_1)
FNDA:0,enableDebug
FNDA:0,disableDebug
FNDA:0,isDebugEnabled
FNDA:0,debug
FNDA:0,debugError
FNDA:0,debugWarn
FNDA:0,debugInfo
FNDA:0,getLogBuffer
FNDA:0,clearLogBuffer
FNDA:0,formatLogsAsText
FNDA:0,(anonymous_12)
FNDA:0,generateLogFilename
FNDA:0,exportLogs
FNDA:0,(anonymous_15)
FNDA:0,(anonymous_16)
FNDA:0,(anonymous_17)
FNDA:0,generateId
FNDA:0,throttle
FNDA:0,(anonymous_20)
FNDA:0,debounce
FNDA:0,(anonymous_22)
FNDA:0,(anonymous_23)
DA:6,0
DA:9,0
DA:10,0
DA:27,0
DA:29,0
DA:32,0
DA:36,0
DA:46,0
DA:53,0
DA:61,0
DA:69,0
DA:70,0
DA:71,0
DA:80,0
DA:81,0
DA:89,0
DA:90,0
DA:91,0
DA:100,0
DA:101,0
DA:109,0
DA:116,0
DA:117,0
DA:127,0
DA:128,0
DA:142,0
DA:143,0
DA:144,0
DA:145,0
DA:148,0
DA:150,0
DA:159,0
DA:161,0
DA:162,0
DA:171,0
DA:173,0
DA:176,0
DA:177,0
DA:180,0
DA:181,0
DA:184,0
DA:188,0
DA:191,0
DA:194,0
DA:197,0
DA:198,0
DA:200,0
DA:201,0
DA:204,0
DA:211,0
DA:213,0
DA:214,0
DA:216,0
DA:221,0
DA:222,0
DA:225,0
DA:226,0
DA:227,0
DA:228,0
DA:231,0
DA:234,0
DA:237,0
DA:238,0
DA:239,0
DA:242,0
DA:244,0
DA:245,0
DA:254,0
DA:264,0
DA:265,0
DA:266,0
DA:267,0
DA:268,0
DA:269,0
DA:282,0
DA:283,0
DA:284,0
LF:77
LH:0
BRDA:27,0,0,0
BRDA:27,0,1,0
BRDA:36,1,0,0
BRDA:36,1,1,0
BRDA:70,2,0,0
BRDA:70,2,1,0
BRDA:90,3,0,0
BRDA:90,3,1,0
BRDA:126,4,0,0
BRDA:158,5,0,0
BRDA:170,6,0,0
BRDA:180,7,0,0
BRDA:180,7,1,0
BRDA:180,8,0,0
BRDA:180,8,1,0
BRDA:197,9,0,0
BRDA:197,9,1,0
BRDA:197,10,0,0
BRDA:197,10,1,0
BRDA:197,10,2,0
BRDA:267,11,0,0
BRDA:267,11,1,0
BRF:22
BRH:0
end_of_record
TN:
SF:src/utils/dom.js
FN:13,createElement
FN:17,(anonymous_1)
FN:35,(anonymous_2)
FN:56,findClosest
FN:64,removeElement
FN:80,isVisible
FN:92,getElementPosition
FN:110,setElementPosition
FN:123,setElementSize
FN:135,addClass
FN:146,removeClass
FN:158,toggleClass
FN:171,hasClass
FNF:13
FNH:12
FNDA:5,createElement
FNDA:4,(anonymous_1)
FNDA:1,(anonymous_2)
FNDA:0,findClosest
FNDA:1,removeElement
FNDA:2,isVisible
FNDA:1,getElementPosition
FNDA:2,setElementPosition
FNDA:1,setElementSize
FNDA:2,addClass
FNDA:1,removeClass
FNDA:2,toggleClass
FNDA:1,hasClass
DA:14,5
DA:17,5
DA:18,4
DA:19,1
DA:20,3
DA:21,1
DA:22,2
DA:23,0
DA:24,0
DA:26,2
DA:31,5
DA:32,3
DA:33,2
DA:34,1
DA:35,1
DA:36,1
DA:37,1
DA:38,0
DA:39,0
DA:42,0
DA:43,0
DA:47,5
DA:57,0
DA:66,1
DA:70,1
DA:71,1
DA:81,2
DA:83,2
DA:84,2
DA:93,1
DA:95,1
DA:96,1
DA:111,2
DA:113,1
DA:114,1
DA:124,1
DA:126,1
DA:127,1
DA:136,2
DA:137,1
DA:147,1
DA:148,1
DA:159,2
DA:160,2
DA:162,0
DA:172,1
LF:46
LH:38
BRDA:13,0,0,0
BRDA:13,1,0,2
BRDA:18,2,0,1
BRDA:18,2,1,3
BRDA:20,3,0,1
BRDA:20,3,1,2
BRDA:20,4,0,3
BRDA:20,4,1,1
BRDA:22,5,0,0
BRDA:22,5,1,2
BRDA:22,6,0,2
BRDA:22,6,1,0
BRDA:31,7,0,3
BRDA:31,7,1,2
BRDA:32,8,0,2
BRDA:32,8,1,1
BRDA:34,9,0,1
BRDA:34,9,1,0
BRDA:36,10,0,1
BRDA:36,10,1,0
BRDA:38,11,0,0
BRDA:38,11,1,0
BRDA:42,12,0,0
BRDA:42,12,1,0
BRDA:57,13,0,0
BRDA:57,13,1,0
BRDA:66,14,0,0
BRDA:66,14,1,1
BRDA:70,15,0,1
BRDA:70,15,1,0
BRDA:70,16,0,1
BRDA:70,16,1,1
BRDA:81,17,0,0
BRDA:81,17,1,2
BRDA:84,18,0,2
BRDA:84,18,1,1
BRDA:84,18,2,1
BRDA:93,19,0,0
BRDA:93,19,1,1
BRDA:111,20,0,1
BRDA:111,20,1,1
BRDA:124,21,0,0
BRDA:124,21,1,1
BRDA:136,22,0,1
BRDA:136,22,1,1
BRDA:147,23,0,1
BRDA:147,23,1,0
BRDA:159,24,0,2
BRDA:159,24,1,0
BRDA:172,25,0,1
BRDA:172,25,1,0
BRF:51
BRH:32
end_of_record
TN:
SF:src/utils/index.js
FNF:0
FNH:0
LF:0
LH:0
BRF:0
BRH:0
end_of_record
